#
# A fatal error has been detected by the Java Runtime Environment:
#
#  SIGSEGV (0xb) at pc=0x0000000129d1f781, pid=1893, tid=775
#
# JRE version: Java(TM) SE Runtime Environment (15.0.1+9) (build 15.0.1+9-18)
# Java VM: Java HotSpot(TM) 64-Bit Server VM (15.0.1+9-18, mixed mode, sharing, tiered, compressed oops, g1 gc, bsd-amd64)
# Problematic frame:
# C  [libglass.dylib+0xa781]  -[GlassApplication applicationShouldTerminate:]+0xd1
#
# No core dump will be written. Core dumps have been disabled. To enable core dumping, try "ulimit -c unlimited" before starting Java again
#
# If you would like to submit a bug report, please visit:
#   https://bugreport.java.com/bugreport/crash.jsp
#

---------------  S U M M A R Y ------------

Command Line: --module-path=/Users/ibrahimkafkasli/Documents/Java/javafx-sdk-15.0.1/lib --add-modules=javafx.controls,javafx.fxml --add-modules=javafx.base,javafx.graphics --add-reads=javafx.base=ALL-UNNAMED --add-reads=javafx.graphics=ALL-UNNAMED -javaagent:/Applications/IntelliJ IDEA CE.app/Contents/lib/idea_rt.jar=58683:/Applications/IntelliJ IDEA CE.app/Contents/bin -Dfile.encoding=UTF-8 anamenu.AnaMenu

Host: MacBookAir8,2 x86_64 1600 MHz, 4 cores, 8G, Darwin 20.1.0
Time: Sun Nov 22 03:39:12 2020 +03 elapsed time: 15.192837 seconds (0d 0h 0m 15s)

---------------  T H R E A D  ---------------

Current thread is native thread

Stack: [0x00007ffee91db000,0x00007ffee99db000],  sp=0x00007ffee99d6da0,  free space=8175k
Native frames: (J=compiled Java code, A=aot compiled Java code, j=interpreted, Vv=VM code, C=native code)
C  [libglass.dylib+0xa781]  -[GlassApplication applicationShouldTerminate:]+0xd1
C  [AppKit+0x2f80b1]  -[NSApplication _docController:shouldTerminate:]+0x50
C  [AppKit+0x2f7f77]  __91-[NSDocumentController(NSInternal) _closeAllDocumentsWithDelegate:shouldTerminateSelector:]_block_invoke+0x1b7
C  [AppKit+0x2f7c44]  -[NSDocumentController(NSInternal) _closeAllDocumentsWithDelegate:shouldTerminateSelector:]+0x46a
C  [AppKit+0x2f77b3]  -[NSDocumentController(NSInternal) __closeAllDocumentsWithDelegate:shouldTerminateSelector:]+0x123
C  [AppKit+0x2f73dd]  -[NSApplication _shouldTerminate]+0x3c6
C  [AppKit+0x45c0ce]  -[NSApplication(NSAppleEventHandling) _handleAEQuit]+0x143
C  [AppKit+0x44ca5]  -[NSApplication(NSAppleEventHandling) _handleCoreEvent:withReplyEvent:]+0x2ae
C  [Foundation+0x35056]  -[NSAppleEventManager dispatchRawAppleEvent:withRawReply:handlerRefCon:]+0x134
C  [Foundation+0x34ec6]  _NSAppleEventManagerGenericHandler+0x50
C  [AE+0xd0b9]  _AppleEventsCheckInAppWithBlock+0x3dea
C  [AE+0xc7d4]  _AppleEventsCheckInAppWithBlock+0x3505
C  [AE+0x5440]  aeProcessAppleEvent+0x1c4
C  [HIToolbox+0x42f12]  AEProcessAppleEvent+0x36
C  [AppKit+0x3f412]  _DPSNextEvent+0x800
C  [AppKit+0x3d74b]  -[NSApplication(NSEvent) _nextEventMatchingEventMask:untilDate:inMode:dequeue:]+0x556
C  [AppKit+0x2fbda]  -[NSApplication run]+0x24a
C  [libosxapp.dylib+0x24fe]  +[NSApplicationAWT runAWTLoopWithApp:]+0x9e
C  [libawt_lwawt.dylib+0x3f2f6]  +[AWTStarter starter:headless:]+0x416
C  [JavaNativeFoundation+0x970f]  +[JNFRunLoop _performCopiedBlock:]+0xf
C  [Foundation+0x804d9]  __NSThreadPerformPerform+0xcc
C  [CoreFoundation+0x819fc]  __CFRUNLOOP_IS_CALLING_OUT_TO_A_SOURCE0_PERFORM_FUNCTION__+0x11
C  [CoreFoundation+0x81964]  __CFRunLoopDoSource0+0xb4
C  [CoreFoundation+0x816df]  __CFRunLoopDoSources0+0xf8
C  [CoreFoundation+0x80111]  __CFRunLoopRun+0x37a
C  [CoreFoundation+0x7f6be]  CFRunLoopRunSpecific+0x233
C  [libjli.dylib+0x6e32]  CreateExecutionEnvironment+0x192
C  [libjli.dylib+0x2674]  JLI_Launch+0x614
C  [java+0xc16]  main+0x196
C  [libdyld.dylib+0x15631]  start+0x1


siginfo: si_signo: 11 (SIGSEGV), si_code: 1 (SEGV_MAPERR), si_addr: 0x0000000000000000

Registers:
RAX=0x00007fd010c9f5b0, RBX=0x0000000000000000, RCX=0x00007fd00e00c0a8, RDX=0x011d800000000001
RSP=0x00007ffee99d6da0, RBP=0x00007ffee99d71d0, RSI=0x00007fd00e00c000, RDI=0x00007fd00e00c0a0
R8 =0x0000000000000000, R9 =0x00007fff884f3f60, R10=0x00007fff884f1248, R11=0x00007fff211666dc
R12=0x00007fff201c4d00, R13=0x00007fd00ed0e800, R14=0x00007fd00d57ad80, R15=0x00007fd010c9f5b0
RIP=0x0000000129d1f781, EFLAGS=0x0000000000010206, ERR=0x0000000000000004
  TRAPNO=0x000000000000000e

Top of Stack: (sp=0x00007ffee99d6da0)
0x00007ffee99d6da0:   0000000129d1f725 00007fff22ef10b1
0x00007ffee99d6db0:   00007fff22ef0f77 00007fff22ef0c44
0x00007ffee99d6dc0:   00007fff22ef07b3 00007fff22ef03dd
0x00007ffee99d6dd0:   00007fff230550ce 00007fff22c3dca5
0x00007ffee99d6de0:   00007fff2117e056 00007fff2117dec6
0x00007ffee99d6df0:   00007fff261e80b9 00007fff261e77d4
0x00007ffee99d6e00:   00007fff261e0440 00007fff2869cf12
0x00007ffee99d6e10:   00007fff22c38412 00007fff22c3674b
0x00007ffee99d6e20:   00007fff22c28bda 000000012f61b4fe
0x00007ffee99d6e30:   000000012f59e2f6 00007fff6e44d70f
0x00007ffee99d6e40:   00007fff211c94d9 00007fff204209fc
0x00007ffee99d6e50:   00007fff20420964 00007fff204206df
0x00007ffee99d6e60:   00007fff2041f111 00007fff2041e6be
0x00007ffee99d6e70:   0000000106233e32 000000010622f674
0x00007ffee99d6e80:   0000000106225c16 00007fff20343631
0x00007ffee99d6e90:   0000000000000010 00007ffee99d6f60
0x00007ffee99d6ea0:   00007ffee99d6ee0 00007fff20292125
0x00007ffee99d6eb0:   00007fff809167c0 0000000000000000
0x00007ffee99d6ec0:   0000000000000001 00007ffee99d70a0
0x00007ffee99d6ed0:   0000000000000009 0000000000009b54
0x00007ffee99d6ee0:   0000000000000003 00007fd010c9f5b0
0x00007ffee99d6ef0:   0000000000000003 000000010624aa00
0x00007ffee99d6f00:   00007ffee99d6f40 00007fff20151020
0x00007ffee99d6f10:   0000000000000000 0000000000000000
0x00007ffee99d6f20:   0000000000000001 0000000000000003
0x00007ffee99d6f30:   000000010624aa00 000000010624aa00
0x00007ffee99d6f40:   00007ffee99d6fe0 00007fff20150b79
0x00007ffee99d6f50:   f6ba0000c0001000 00007fff202affff
0x00007ffee99d6f60:   0000003000000034 00007fff20324480
0x00007ffee99d6f70:   00007ffee99d6fb0 00007fff20292104
0x00007ffee99d6f80:   00007fff809167c0 0000000000000000
0x00007ffee99d6f90:   0000000100000001 00007ffee99d70a0 

Instructions: (pc=0x0000000129d1f781)
0x0000000129d1f681:   00 00 48 83 c4 08 5b 41 5e 41 5f 5d c3 66 90 55
0x0000000129d1f691:   48 89 e5 b8 01 00 00 00 5d c3 0f 1f 44 00 00 55
0x0000000129d1f6a1:   48 89 e5 31 c0 5d c3 0f 1f 84 00 00 00 00 00 55
0x0000000129d1f6b1:   48 89 e5 41 57 41 56 41 55 41 54 53 48 81 ec 08
0x0000000129d1f6c1:   04 00 00 49 89 fe 48 8b 05 5a ea 02 00 48 8b 00
0x0000000129d1f6d1:   48 89 45 d0 4c 8d 25 ec 86 03 00 49 8b 1c 24 48
0x0000000129d1f6e1:   85 db 75 79 48 8b 05 44 ea 02 00 48 8b 38 48 8d
0x0000000129d1f6f1:   35 ca 86 02 00 48 8d 15 e6 91 02 00 48 8d 0d 2b
0x0000000129d1f701:   8f 02 00 41 b8 ae 01 00 00 31 c0 e8 01 37 02 00
0x0000000129d1f711:   48 8d 9d d0 fb ff ff 48 89 df be 80 00 00 00 e8
0x0000000129d1f721:   b7 36 02 00 41 89 c7 48 89 df 89 c6 e8 b0 36 02
0x0000000129d1f731:   00 49 89 c5 45 85 ff 7e 18 45 89 ff 31 db 90 49
0x0000000129d1f741:   8b 7c dd 00 e8 72 38 02 00 48 ff c3 49 39 df 75
0x0000000129d1f751:   ee 4c 89 ef e8 c4 36 02 00 49 8b 1c 24 48 8b 3d
0x0000000129d1f761:   8b 75 03 00 e8 b0 37 02 00 48 8b 35 d7 63 03 00
0x0000000129d1f771:   4c 8b 25 00 ea 02 00 48 89 c7 41 ff d4 49 89 c7
0x0000000129d1f781:   48 8b 03 4c 8b a8 e8 01 00 00 4d 8b 76 10 48 8b
0x0000000129d1f791:   3d 9a 75 03 00 48 8b 35 b3 68 03 00 41 ff d4 48
0x0000000129d1f7a1:   89 df 4c 89 f6 48 89 c2 31 c0 41 ff d5 48 8b 35
0x0000000129d1f7b1:   ab 63 03 00 4c 89 ff 41 ff d4 48 8b 03 48 89 df
0x0000000129d1f7c1:   ff 50 78 48 85 c0 74 42 49 89 c6 48 8b 03 48 89
0x0000000129d1f7d1:   df ff 90 88 00 00 00 4c 8b 03 48 8d 05 ee 85 03
0x0000000129d1f7e1:   00 48 8b 30 48 8d 05 4c 87 03 00 48 8b 50 50 48
0x0000000129d1f7f1:   89 df 4c 89 f1 31 c0 41 ff 90 68 04 00 00 48 8b
0x0000000129d1f801:   03 48 89 df ff 90 88 00 00 00 48 8b 05 16 e9 02
0x0000000129d1f811:   00 48 8b 00 48 3b 45 d0 75 14 31 c0 48 81 c4 08
0x0000000129d1f821:   04 00 00 5b 41 5c 41 5d 41 5e 41 5f 5d c3 e8 8a
0x0000000129d1f831:   35 02 00 66 2e 0f 1f 84 00 00 00 00 00 66 90 55
0x0000000129d1f841:   48 89 e5 b8 01 00 00 00 5d c3 0f 1f 44 00 00 55
0x0000000129d1f851:   48 89 e5 41 57 41 56 41 55 41 54 53 48 83 ec 28
0x0000000129d1f861:   49 89 d5 49 89 fc 48 8b 3d 82 74 03 00 e8 a7 36
0x0000000129d1f871:   02 00 4c 8b 35 ce 62 03 00 48 89 c7 4c 89 f6 ff 



---------------  P R O C E S S  ---------------

VM state: not at safepoint (normal execution)

VM Mutex/Monitor currently owned by a thread: None

Heap address: 0x0000000780000000, size: 2048 MB, Compressed Oops mode: Zero based, Oop shift amount: 3
CDS archive(s) mapped at: [0x0000000800000000-0x0000000800b2c000-0x0000000800b2c000), size 11714560, SharedBaseAddress: 0x0000000800000000, ArchiveRelocationMode: 0.
Compressed class space mapped at: 0x0000000800b2c000-0x0000000840b2c000, size: 1073741824
Narrow klass base: 0x0000000800000000, Narrow klass shift: 3, Narrow klass range: 0x100000000

GC Precious Log:
 CPUs: 4 total, 4 available
 Memory: 8192M
 Large Page Support: Disabled
 NUMA Support: Disabled
 Compressed Oops: Enabled (Zero based)
 Heap Region Size: 1M
 Heap Min Capacity: 8M
 Heap Initial Capacity: 128M
 Heap Max Capacity: 2G
 Pre-touch: Disabled
 Parallel Workers: 4
 Concurrent Workers: 1
 Concurrent Refinement Workers: 4
 Periodic GC: Disabled

Heap:
 garbage-first heap   total 133120K, used 54474K [0x0000000780000000, 0x0000000800000000)
  region size 1024K, 35 young (35840K), 3 survivors (3072K)
 Metaspace       used 18417K, capacity 18732K, committed 18944K, reserved 1064960K
  class space    used 2440K, capacity 2524K, committed 2560K, reserved 1048576K

Heap Regions: E=young(eden), S=young(survivor), O=old, HS=humongous(starts), HC=humongous(continues), CS=collection set, F=free, OA=open archive, CA=closed archive, TAMS=top-at-mark-start (previous, next)
|   0|0x0000000780000000, 0x0000000780100000, 0x0000000780100000|100%| O|  |TAMS 0x0000000780000000, 0x0000000780000000| Untracked 
|   1|0x0000000780100000, 0x0000000780200000, 0x0000000780200000|100%| O|  |TAMS 0x0000000780100000, 0x0000000780100000| Untracked 
|   2|0x0000000780200000, 0x0000000780268800, 0x0000000780300000| 40%| O|  |TAMS 0x0000000780200000, 0x0000000780200000| Untracked 
|   3|0x0000000780300000, 0x0000000780400000, 0x0000000780400000|100%|HS|  |TAMS 0x0000000780300000, 0x0000000780300000| Complete 
|   4|0x0000000780400000, 0x0000000780500000, 0x0000000780500000|100%|HC|  |TAMS 0x0000000780400000, 0x0000000780400000| Complete 
|   5|0x0000000780500000, 0x0000000780600000, 0x0000000780600000|100%|HC|  |TAMS 0x0000000780500000, 0x0000000780500000| Complete 
|   6|0x0000000780600000, 0x0000000780700000, 0x0000000780700000|100%|HS|  |TAMS 0x0000000780600000, 0x0000000780600000| Complete 
|   7|0x0000000780700000, 0x0000000780800000, 0x0000000780800000|100%|HC|  |TAMS 0x0000000780700000, 0x0000000780700000| Complete 
|   8|0x0000000780800000, 0x0000000780900000, 0x0000000780900000|100%|HC|  |TAMS 0x0000000780800000, 0x0000000780800000| Complete 
|   9|0x0000000780900000, 0x0000000780a00000, 0x0000000780a00000|100%|HC|  |TAMS 0x0000000780900000, 0x0000000780900000| Complete 
|  10|0x0000000780a00000, 0x0000000780b00000, 0x0000000780b00000|100%|HC|  |TAMS 0x0000000780a00000, 0x0000000780a00000| Complete 
|  11|0x0000000780b00000, 0x0000000780c00000, 0x0000000780c00000|100%|HC|  |TAMS 0x0000000780b00000, 0x0000000780b00000| Complete 
|  12|0x0000000780c00000, 0x0000000780d00000, 0x0000000780d00000|100%|HC|  |TAMS 0x0000000780c00000, 0x0000000780c00000| Complete 
|  13|0x0000000780d00000, 0x0000000780e00000, 0x0000000780e00000|100%|HC|  |TAMS 0x0000000780d00000, 0x0000000780d00000| Complete 
|  14|0x0000000780e00000, 0x0000000780f00000, 0x0000000780f00000|100%|HC|  |TAMS 0x0000000780e00000, 0x0000000780e00000| Complete 
|  15|0x0000000780f00000, 0x0000000781000000, 0x0000000781000000|100%|HC|  |TAMS 0x0000000780f00000, 0x0000000780f00000| Complete 
|  16|0x0000000781000000, 0x0000000781100000, 0x0000000781100000|100%|HC|  |TAMS 0x0000000781000000, 0x0000000781000000| Complete 
|  17|0x0000000781100000, 0x0000000781200000, 0x0000000781200000|100%|HS|  |TAMS 0x0000000781100000, 0x0000000781100000| Complete 
|  18|0x0000000781200000, 0x0000000781300000, 0x0000000781300000|100%|HC|  |TAMS 0x0000000781200000, 0x0000000781200000| Complete 
|  19|0x0000000781300000, 0x0000000781300000, 0x0000000781400000|  0%| F|  |TAMS 0x0000000781300000, 0x0000000781300000| Untracked 
|  20|0x0000000781400000, 0x0000000781400000, 0x0000000781500000|  0%| F|  |TAMS 0x0000000781400000, 0x0000000781400000| Untracked 
|  21|0x0000000781500000, 0x0000000781500000, 0x0000000781600000|  0%| F|  |TAMS 0x0000000781500000, 0x0000000781500000| Untracked 
|  22|0x0000000781600000, 0x0000000781600000, 0x0000000781700000|  0%| F|  |TAMS 0x0000000781600000, 0x0000000781600000| Untracked 
|  23|0x0000000781700000, 0x0000000781700000, 0x0000000781800000|  0%| F|  |TAMS 0x0000000781700000, 0x0000000781700000| Untracked 
|  24|0x0000000781800000, 0x0000000781800000, 0x0000000781900000|  0%| F|  |TAMS 0x0000000781800000, 0x0000000781800000| Untracked 
|  25|0x0000000781900000, 0x0000000781900000, 0x0000000781a00000|  0%| F|  |TAMS 0x0000000781900000, 0x0000000781900000| Untracked 
|  26|0x0000000781a00000, 0x0000000781a00000, 0x0000000781b00000|  0%| F|  |TAMS 0x0000000781a00000, 0x0000000781a00000| Untracked 
|  27|0x0000000781b00000, 0x0000000781b00000, 0x0000000781c00000|  0%| F|  |TAMS 0x0000000781b00000, 0x0000000781b00000| Untracked 
|  28|0x0000000781c00000, 0x0000000781c00000, 0x0000000781d00000|  0%| F|  |TAMS 0x0000000781c00000, 0x0000000781c00000| Untracked 
|  29|0x0000000781d00000, 0x0000000781d00000, 0x0000000781e00000|  0%| F|  |TAMS 0x0000000781d00000, 0x0000000781d00000| Untracked 
|  30|0x0000000781e00000, 0x0000000781e00000, 0x0000000781f00000|  0%| F|  |TAMS 0x0000000781e00000, 0x0000000781e00000| Untracked 
|  31|0x0000000781f00000, 0x0000000781f00000, 0x0000000782000000|  0%| F|  |TAMS 0x0000000781f00000, 0x0000000781f00000| Untracked 
|  32|0x0000000782000000, 0x0000000782000000, 0x0000000782100000|  0%| F|  |TAMS 0x0000000782000000, 0x0000000782000000| Untracked 
|  33|0x0000000782100000, 0x0000000782100000, 0x0000000782200000|  0%| F|  |TAMS 0x0000000782100000, 0x0000000782100000| Untracked 
|  34|0x0000000782200000, 0x0000000782200000, 0x0000000782300000|  0%| F|  |TAMS 0x0000000782200000, 0x0000000782200000| Untracked 
|  35|0x0000000782300000, 0x0000000782300000, 0x0000000782400000|  0%| F|  |TAMS 0x0000000782300000, 0x0000000782300000| Untracked 
|  36|0x0000000782400000, 0x0000000782400000, 0x0000000782500000|  0%| F|  |TAMS 0x0000000782400000, 0x0000000782400000| Untracked 
|  37|0x0000000782500000, 0x0000000782500000, 0x0000000782600000|  0%| F|  |TAMS 0x0000000782500000, 0x0000000782500000| Untracked 
|  38|0x0000000782600000, 0x0000000782600000, 0x0000000782700000|  0%| F|  |TAMS 0x0000000782600000, 0x0000000782600000| Untracked 
|  39|0x0000000782700000, 0x0000000782700000, 0x0000000782800000|  0%| F|  |TAMS 0x0000000782700000, 0x0000000782700000| Untracked 
|  40|0x0000000782800000, 0x0000000782800000, 0x0000000782900000|  0%| F|  |TAMS 0x0000000782800000, 0x0000000782800000| Untracked 
|  41|0x0000000782900000, 0x0000000782900000, 0x0000000782a00000|  0%| F|  |TAMS 0x0000000782900000, 0x0000000782900000| Untracked 
|  42|0x0000000782a00000, 0x0000000782a00000, 0x0000000782b00000|  0%| F|  |TAMS 0x0000000782a00000, 0x0000000782a00000| Untracked 
|  43|0x0000000782b00000, 0x0000000782b00000, 0x0000000782c00000|  0%| F|  |TAMS 0x0000000782b00000, 0x0000000782b00000| Untracked 
|  44|0x0000000782c00000, 0x0000000782c00000, 0x0000000782d00000|  0%| F|  |TAMS 0x0000000782c00000, 0x0000000782c00000| Untracked 
|  45|0x0000000782d00000, 0x0000000782d00000, 0x0000000782e00000|  0%| F|  |TAMS 0x0000000782d00000, 0x0000000782d00000| Untracked 
|  46|0x0000000782e00000, 0x0000000782e00000, 0x0000000782f00000|  0%| F|  |TAMS 0x0000000782e00000, 0x0000000782e00000| Untracked 
|  47|0x0000000782f00000, 0x0000000782f00000, 0x0000000783000000|  0%| F|  |TAMS 0x0000000782f00000, 0x0000000782f00000| Untracked 
|  48|0x0000000783000000, 0x0000000783000000, 0x0000000783100000|  0%| F|  |TAMS 0x0000000783000000, 0x0000000783000000| Untracked 
|  49|0x0000000783100000, 0x0000000783100000, 0x0000000783200000|  0%| F|  |TAMS 0x0000000783100000, 0x0000000783100000| Untracked 
|  50|0x0000000783200000, 0x0000000783200000, 0x0000000783300000|  0%| F|  |TAMS 0x0000000783200000, 0x0000000783200000| Untracked 
|  51|0x0000000783300000, 0x0000000783300000, 0x0000000783400000|  0%| F|  |TAMS 0x0000000783300000, 0x0000000783300000| Untracked 
|  52|0x0000000783400000, 0x0000000783400000, 0x0000000783500000|  0%| F|  |TAMS 0x0000000783400000, 0x0000000783400000| Untracked 
|  53|0x0000000783500000, 0x0000000783500000, 0x0000000783600000|  0%| F|  |TAMS 0x0000000783500000, 0x0000000783500000| Untracked 
|  54|0x0000000783600000, 0x0000000783600000, 0x0000000783700000|  0%| F|  |TAMS 0x0000000783600000, 0x0000000783600000| Untracked 
|  55|0x0000000783700000, 0x0000000783700000, 0x0000000783800000|  0%| F|  |TAMS 0x0000000783700000, 0x0000000783700000| Untracked 
|  56|0x0000000783800000, 0x0000000783800000, 0x0000000783900000|  0%| F|  |TAMS 0x0000000783800000, 0x0000000783800000| Untracked 
|  57|0x0000000783900000, 0x0000000783900000, 0x0000000783a00000|  0%| F|  |TAMS 0x0000000783900000, 0x0000000783900000| Untracked 
|  58|0x0000000783a00000, 0x0000000783a00000, 0x0000000783b00000|  0%| F|  |TAMS 0x0000000783a00000, 0x0000000783a00000| Untracked 
|  59|0x0000000783b00000, 0x0000000783b00000, 0x0000000783c00000|  0%| F|  |TAMS 0x0000000783b00000, 0x0000000783b00000| Untracked 
|  60|0x0000000783c00000, 0x0000000783c00000, 0x0000000783d00000|  0%| F|  |TAMS 0x0000000783c00000, 0x0000000783c00000| Untracked 
|  61|0x0000000783d00000, 0x0000000783d00000, 0x0000000783e00000|  0%| F|  |TAMS 0x0000000783d00000, 0x0000000783d00000| Untracked 
|  62|0x0000000783e00000, 0x0000000783e00000, 0x0000000783f00000|  0%| F|  |TAMS 0x0000000783e00000, 0x0000000783e00000| Untracked 
|  63|0x0000000783f00000, 0x0000000783f00000, 0x0000000784000000|  0%| F|  |TAMS 0x0000000783f00000, 0x0000000783f00000| Untracked 
|  64|0x0000000784000000, 0x0000000784000000, 0x0000000784100000|  0%| F|  |TAMS 0x0000000784000000, 0x0000000784000000| Untracked 
|  65|0x0000000784100000, 0x0000000784100000, 0x0000000784200000|  0%| F|  |TAMS 0x0000000784100000, 0x0000000784100000| Untracked 
|  66|0x0000000784200000, 0x0000000784200000, 0x0000000784300000|  0%| F|  |TAMS 0x0000000784200000, 0x0000000784200000| Untracked 
|  67|0x0000000784300000, 0x0000000784300000, 0x0000000784400000|  0%| F|  |TAMS 0x0000000784300000, 0x0000000784300000| Untracked 
|  68|0x0000000784400000, 0x0000000784400000, 0x0000000784500000|  0%| F|  |TAMS 0x0000000784400000, 0x0000000784400000| Untracked 
|  69|0x0000000784500000, 0x0000000784500000, 0x0000000784600000|  0%| F|  |TAMS 0x0000000784500000, 0x0000000784500000| Untracked 
|  70|0x0000000784600000, 0x0000000784600000, 0x0000000784700000|  0%| F|  |TAMS 0x0000000784600000, 0x0000000784600000| Untracked 
|  71|0x0000000784700000, 0x0000000784700000, 0x0000000784800000|  0%| F|  |TAMS 0x0000000784700000, 0x0000000784700000| Untracked 
|  72|0x0000000784800000, 0x0000000784800000, 0x0000000784900000|  0%| F|  |TAMS 0x0000000784800000, 0x0000000784800000| Untracked 
|  73|0x0000000784900000, 0x0000000784900000, 0x0000000784a00000|  0%| F|  |TAMS 0x0000000784900000, 0x0000000784900000| Untracked 
|  74|0x0000000784a00000, 0x0000000784a00000, 0x0000000784b00000|  0%| F|  |TAMS 0x0000000784a00000, 0x0000000784a00000| Untracked 
|  75|0x0000000784b00000, 0x0000000784b00000, 0x0000000784c00000|  0%| F|  |TAMS 0x0000000784b00000, 0x0000000784b00000| Untracked 
|  76|0x0000000784c00000, 0x0000000784c00000, 0x0000000784d00000|  0%| F|  |TAMS 0x0000000784c00000, 0x0000000784c00000| Untracked 
|  77|0x0000000784d00000, 0x0000000784d00000, 0x0000000784e00000|  0%| F|  |TAMS 0x0000000784d00000, 0x0000000784d00000| Untracked 
|  78|0x0000000784e00000, 0x0000000784e00000, 0x0000000784f00000|  0%| F|  |TAMS 0x0000000784e00000, 0x0000000784e00000| Untracked 
|  79|0x0000000784f00000, 0x0000000784f00000, 0x0000000785000000|  0%| F|  |TAMS 0x0000000784f00000, 0x0000000784f00000| Untracked 
|  80|0x0000000785000000, 0x0000000785000000, 0x0000000785100000|  0%| F|  |TAMS 0x0000000785000000, 0x0000000785000000| Untracked 
|  81|0x0000000785100000, 0x0000000785100000, 0x0000000785200000|  0%| F|  |TAMS 0x0000000785100000, 0x0000000785100000| Untracked 
|  82|0x0000000785200000, 0x0000000785200000, 0x0000000785300000|  0%| F|  |TAMS 0x0000000785200000, 0x0000000785200000| Untracked 
|  83|0x0000000785300000, 0x0000000785300000, 0x0000000785400000|  0%| F|  |TAMS 0x0000000785300000, 0x0000000785300000| Untracked 
|  84|0x0000000785400000, 0x0000000785400000, 0x0000000785500000|  0%| F|  |TAMS 0x0000000785400000, 0x0000000785400000| Untracked 
|  85|0x0000000785500000, 0x0000000785500000, 0x0000000785600000|  0%| F|  |TAMS 0x0000000785500000, 0x0000000785500000| Untracked 
|  86|0x0000000785600000, 0x0000000785600000, 0x0000000785700000|  0%| F|  |TAMS 0x0000000785600000, 0x0000000785600000| Untracked 
|  87|0x0000000785700000, 0x0000000785700000, 0x0000000785800000|  0%| F|  |TAMS 0x0000000785700000, 0x0000000785700000| Untracked 
|  88|0x0000000785800000, 0x0000000785800000, 0x0000000785900000|  0%| F|  |TAMS 0x0000000785800000, 0x0000000785800000| Untracked 
|  89|0x0000000785900000, 0x0000000785900000, 0x0000000785a00000|  0%| F|  |TAMS 0x0000000785900000, 0x0000000785900000| Untracked 
|  90|0x0000000785a00000, 0x0000000785a00000, 0x0000000785b00000|  0%| F|  |TAMS 0x0000000785a00000, 0x0000000785a00000| Untracked 
|  91|0x0000000785b00000, 0x0000000785b00000, 0x0000000785c00000|  0%| F|  |TAMS 0x0000000785b00000, 0x0000000785b00000| Untracked 
|  92|0x0000000785c00000, 0x0000000785c00000, 0x0000000785d00000|  0%| F|  |TAMS 0x0000000785c00000, 0x0000000785c00000| Untracked 
|  93|0x0000000785d00000, 0x0000000785d3be58, 0x0000000785e00000| 23%| E|  |TAMS 0x0000000785d00000, 0x0000000785d00000| Complete 
|  94|0x0000000785e00000, 0x0000000785f00000, 0x0000000785f00000|100%| E|CS|TAMS 0x0000000785e00000, 0x0000000785e00000| Complete 
|  95|0x0000000785f00000, 0x0000000786000000, 0x0000000786000000|100%| E|CS|TAMS 0x0000000785f00000, 0x0000000785f00000| Complete 
|  96|0x0000000786000000, 0x0000000786100000, 0x0000000786100000|100%| E|CS|TAMS 0x0000000786000000, 0x0000000786000000| Complete 
|  97|0x0000000786100000, 0x0000000786200000, 0x0000000786200000|100%| E|CS|TAMS 0x0000000786100000, 0x0000000786100000| Complete 
|  98|0x0000000786200000, 0x0000000786300000, 0x0000000786300000|100%| E|CS|TAMS 0x0000000786200000, 0x0000000786200000| Complete 
|  99|0x0000000786300000, 0x0000000786400000, 0x0000000786400000|100%| E|CS|TAMS 0x0000000786300000, 0x0000000786300000| Complete 
| 100|0x0000000786400000, 0x0000000786500000, 0x0000000786500000|100%| E|CS|TAMS 0x0000000786400000, 0x0000000786400000| Complete 
| 101|0x0000000786500000, 0x0000000786600000, 0x0000000786600000|100%| S|CS|TAMS 0x0000000786500000, 0x0000000786500000| Complete 
| 102|0x0000000786600000, 0x0000000786700000, 0x0000000786700000|100%| S|CS|TAMS 0x0000000786600000, 0x0000000786600000| Complete 
| 103|0x0000000786700000, 0x0000000786800000, 0x0000000786800000|100%| S|CS|TAMS 0x0000000786700000, 0x0000000786700000| Complete 
| 104|0x0000000786800000, 0x0000000786900000, 0x0000000786900000|100%| E|CS|TAMS 0x0000000786800000, 0x0000000786800000| Complete 
| 105|0x0000000786900000, 0x0000000786a00000, 0x0000000786a00000|100%| E|CS|TAMS 0x0000000786900000, 0x0000000786900000| Complete 
| 106|0x0000000786a00000, 0x0000000786b00000, 0x0000000786b00000|100%| E|CS|TAMS 0x0000000786a00000, 0x0000000786a00000| Complete 
| 107|0x0000000786b00000, 0x0000000786c00000, 0x0000000786c00000|100%| E|CS|TAMS 0x0000000786b00000, 0x0000000786b00000| Complete 
| 108|0x0000000786c00000, 0x0000000786d00000, 0x0000000786d00000|100%| E|CS|TAMS 0x0000000786c00000, 0x0000000786c00000| Complete 
| 109|0x0000000786d00000, 0x0000000786e00000, 0x0000000786e00000|100%| E|CS|TAMS 0x0000000786d00000, 0x0000000786d00000| Complete 
| 110|0x0000000786e00000, 0x0000000786f00000, 0x0000000786f00000|100%| E|CS|TAMS 0x0000000786e00000, 0x0000000786e00000| Complete 
| 111|0x0000000786f00000, 0x0000000787000000, 0x0000000787000000|100%| E|CS|TAMS 0x0000000786f00000, 0x0000000786f00000| Complete 
| 112|0x0000000787000000, 0x0000000787100000, 0x0000000787100000|100%| E|CS|TAMS 0x0000000787000000, 0x0000000787000000| Complete 
| 113|0x0000000787100000, 0x0000000787200000, 0x0000000787200000|100%| E|CS|TAMS 0x0000000787100000, 0x0000000787100000| Complete 
| 114|0x0000000787200000, 0x0000000787300000, 0x0000000787300000|100%| E|CS|TAMS 0x0000000787200000, 0x0000000787200000| Complete 
| 115|0x0000000787300000, 0x0000000787400000, 0x0000000787400000|100%| E|CS|TAMS 0x0000000787300000, 0x0000000787300000| Complete 
| 116|0x0000000787400000, 0x0000000787500000, 0x0000000787500000|100%| E|CS|TAMS 0x0000000787400000, 0x0000000787400000| Complete 
| 117|0x0000000787500000, 0x0000000787600000, 0x0000000787600000|100%| E|CS|TAMS 0x0000000787500000, 0x0000000787500000| Complete 
| 118|0x0000000787600000, 0x0000000787700000, 0x0000000787700000|100%| E|CS|TAMS 0x0000000787600000, 0x0000000787600000| Complete 
| 119|0x0000000787700000, 0x0000000787800000, 0x0000000787800000|100%| E|CS|TAMS 0x0000000787700000, 0x0000000787700000| Complete 
| 120|0x0000000787800000, 0x0000000787900000, 0x0000000787900000|100%| E|CS|TAMS 0x0000000787800000, 0x0000000787800000| Complete 
| 121|0x0000000787900000, 0x0000000787a00000, 0x0000000787a00000|100%| E|CS|TAMS 0x0000000787900000, 0x0000000787900000| Complete 
| 122|0x0000000787a00000, 0x0000000787b00000, 0x0000000787b00000|100%| E|CS|TAMS 0x0000000787a00000, 0x0000000787a00000| Complete 
| 123|0x0000000787b00000, 0x0000000787c00000, 0x0000000787c00000|100%| E|CS|TAMS 0x0000000787b00000, 0x0000000787b00000| Complete 
| 124|0x0000000787c00000, 0x0000000787d00000, 0x0000000787d00000|100%| E|CS|TAMS 0x0000000787c00000, 0x0000000787c00000| Complete 
| 125|0x0000000787d00000, 0x0000000787e00000, 0x0000000787e00000|100%| E|CS|TAMS 0x0000000787d00000, 0x0000000787d00000| Complete 
| 126|0x0000000787e00000, 0x0000000787f00000, 0x0000000787f00000|100%| E|CS|TAMS 0x0000000787e00000, 0x0000000787e00000| Complete 
| 127|0x0000000787f00000, 0x0000000788000000, 0x0000000788000000|100%| E|CS|TAMS 0x0000000787f00000, 0x0000000787f00000| Complete 
|1022|0x00000007bfe00000, 0x00000007bfe51000, 0x00000007bff00000| 31%|OA|  |TAMS 0x00000007bfe00000, 0x00000007bfe00000| Untracked 
|1023|0x00000007bff00000, 0x00000007bff79000, 0x00000007c0000000| 47%|CA|  |TAMS 0x00000007bff00000, 0x00000007bff00000| Untracked 

Card table byte_map: [0x0000000109bbb000,0x0000000109fbb000] _byte_map_base: 0x0000000105fbb000

Marking Bits (Prev, Next): (CMBitMap*) 0x00007fd00e039410, (CMBitMap*) 0x00007fd00e039450
 Prev Bits: [0x0000000121632000, 0x0000000123632000)
 Next Bits: [0x0000000123632000, 0x0000000125632000)

Polling page: 0x0000000106263000

Metaspace:

Usage:
  Non-class:     15.83 MB capacity,    15.60 MB ( 99%) used,   200.09 KB (  1%) free+waste,    31.25 KB ( <1%) overhead. 
      Class:      2.46 MB capacity,     2.38 MB ( 97%) used,    70.60 KB (  3%) free+waste,    13.00 KB ( <1%) overhead. 
       Both:     18.29 MB capacity,    17.99 MB ( 98%) used,   270.70 KB (  1%) free+waste,    44.25 KB ( <1%) overhead. 

Virtual space:
  Non-class space:       16.00 MB reserved,      16.00 MB (100%) committed 
      Class space:        1.00 GB reserved,       2.50 MB ( <1%) committed 
             Both:        1.02 GB reserved,      18.50 MB (  2%) committed 

Chunk freelists:
   Non-Class:  96.00 KB
       Class:  20.00 KB
        Both:  116.00 KB

MaxMetaspaceSize: 17179869184.00 GB
CompressedClassSpaceSize: 1.00 GB

CodeHeap 'non-profiled nmethods': size=120032Kb used=1390Kb max_used=1390Kb free=118641Kb
 bounds [0x000000011a0fa000, 0x000000011a36a000, 0x0000000121632000]
CodeHeap 'profiled nmethods': size=120028Kb used=6267Kb max_used=6267Kb free=113760Kb
 bounds [0x0000000112bc3000, 0x00000001131e3000, 0x000000011a0fa000]
CodeHeap 'non-nmethods': size=5700Kb used=1438Kb max_used=1510Kb free=4261Kb
 bounds [0x0000000112632000, 0x00000001128a2000, 0x0000000112bc3000]
 total_blobs=4146 nmethods=3374 adapters=685
 compilation: enabled
              stopped_count=0, restarted_count=0
 full_count=0

Compilation events (20 events):
Event: 15.123 Thread 0x00007fd00e809800 3372       1       java.util.logging.LogManager$LoggerContext::getOwner (5 bytes)
Event: 15.123 Thread 0x00007fd00e809800 nmethod 3372 0x000000011a254410 code [0x000000011a2545a0, 0x000000011a254650]
Event: 15.125 Thread 0x00007fd00e809800 3373       3       jdk.internal.reflect.NativeConstructorAccessorImpl::newInstance (102 bytes)
Event: 15.126 Thread 0x00007fd00e809800 nmethod 3373 0x00000001131dbd90 code [0x00000001131dc020, 0x00000001131dce00]
Event: 15.126 Thread 0x00007fd00e809800 3375   !   3       java.util.ImmutableCollections$ListItr::next (34 bytes)
Event: 15.127 Thread 0x00007fd00e809800 nmethod 3375 0x00000001131dd290 code [0x00000001131dd440, 0x00000001131dd710]
Event: 15.127 Thread 0x00007fd00e809800 3376       3       jdk.internal.jimage.ImageStringsReader::hashCode (31 bytes)
Event: 15.127 Thread 0x00007fd00e809800 nmethod 3376 0x00000001131dd890 code [0x00000001131dda60, 0x00000001131ddc10]
Event: 15.134 Thread 0x00007fd00e809800 3377       1       java.lang.invoke.MethodHandleImpl$AsVarargsCollector::getTarget (5 bytes)
Event: 15.134 Thread 0x00007fd00e809800 nmethod 3377 0x000000011a254b90 code [0x000000011a254d20, 0x000000011a254dd0]
Event: 15.134 Thread 0x00007fd00e809800 3378       3       java.lang.invoke.StringConcatFactory::parseRecipe (198 bytes)
Event: 15.140 Thread 0x00007fd00f06f600 3379       4       java.util.HashMap::put (13 bytes)
Event: 15.140 Thread 0x00007fd00e809800 nmethod 3378 0x00000001131ddd10 code [0x00000001131de180, 0x00000001131e0690]
Event: 15.140 Thread 0x00007fd00e809800 3380       1       java.util.logging.Logger::getName (5 bytes)
Event: 15.140 Thread 0x00007fd00e809800 nmethod 3380 0x000000011a254e90 code [0x000000011a255020, 0x000000011a2550d0]
Event: 15.142 Thread 0x00007fd00f06f600 nmethod 3379 0x000000011a255190 code [0x000000011a255320, 0x000000011a255448]
Event: 15.142 Thread 0x00007fd00f06f600 3381       4       java.lang.invoke.Invokers$Holder::linkToTargetMethod (9 bytes)
Event: 15.142 Thread 0x00007fd00f06f600 nmethod 3381 0x000000011a255510 code [0x000000011a2556a0, 0x000000011a255758]
Event: 15.143 Thread 0x00007fd00e809800 3382       3       java.lang.invoke.DirectMethodHandle$Holder::invokeStatic (15 bytes)
Event: 15.143 Thread 0x00007fd00e809800 nmethod 3382 0x00000001131e1510 code [0x00000001131e16c0, 0x00000001131e1b30]

GC Heap History (4 events):
Event: 0.898 GC heap before
{Heap before GC invocations=0 (full 0):
 garbage-first heap   total 133120K, used 13096K [0x0000000780000000, 0x0000000800000000)
  region size 1024K, 13 young (13312K), 0 survivors (0K)
 Metaspace       used 3195K, capacity 5937K, committed 6016K, reserved 1056768K
  class space    used 366K, capacity 590K, committed 640K, reserved 1048576K
}
Event: 0.902 GC heap after
{Heap after GC invocations=1 (full 0):
 garbage-first heap   total 133120K, used 2560K [0x0000000780000000, 0x0000000800000000)
  region size 1024K, 2 young (2048K), 2 survivors (2048K)
 Metaspace       used 3195K, capacity 5937K, committed 6016K, reserved 1056768K
  class space    used 366K, capacity 590K, committed 640K, reserved 1048576K
}
Event: 2.153 GC heap before
{Heap before GC invocations=1 (full 0):
 garbage-first heap   total 133120K, used 24064K [0x0000000780000000, 0x0000000800000000)
  region size 1024K, 24 young (24576K), 2 survivors (2048K)
 Metaspace       used 10190K, capacity 10698K, committed 11008K, reserved 1058816K
  class space    used 1323K, capacity 1408K, committed 1536K, reserved 1048576K
}
Event: 2.162 GC heap after
{Heap after GC invocations=2 (full 0):
 garbage-first heap   total 133120K, used 6346K [0x0000000780000000, 0x0000000800000000)
  region size 1024K, 3 young (3072K), 3 survivors (3072K)
 Metaspace       used 10190K, capacity 10698K, committed 11008K, reserved 1058816K
  class space    used 1323K, capacity 1408K, committed 1536K, reserved 1048576K
}

Deoptimization events (20 events):
Event: 5.519 Thread 0x00007fd00e82a400 DEOPT PACKING pc=0x0000000112fdc463 sp=0x0000700002162580
Event: 5.519 Thread 0x00007fd00e82a400 DEOPT UNPACKING pc=0x000000011267ff2b sp=0x00007000021619d8 mode 0
Event: 5.539 Thread 0x00007fd00e82a400 DEOPT PACKING pc=0x0000000112fdc463 sp=0x0000700002161fa0
Event: 5.539 Thread 0x00007fd00e82a400 DEOPT UNPACKING pc=0x000000011267ff2b sp=0x00007000021613f8 mode 0
Event: 5.542 Thread 0x00007fd00e82a400 DEOPT PACKING pc=0x0000000112fdc463 sp=0x00007000021623f0
Event: 5.542 Thread 0x00007fd00e82a400 DEOPT UNPACKING pc=0x000000011267ff2b sp=0x0000700002161848 mode 0
Event: 5.984 Thread 0x00007fd00e82a400 DEOPT PACKING pc=0x0000000112fdc463 sp=0x0000700002161fa0
Event: 5.984 Thread 0x00007fd00e82a400 DEOPT UNPACKING pc=0x000000011267ff2b sp=0x00007000021613f8 mode 0
Event: 6.917 Thread 0x00007fd00e00e400 Uncommon trap: trap_request=0xffffffde fr.pc=0x000000011a214e60 relative=0x0000000000000380
Event: 6.917 Thread 0x00007fd00e00e400 Uncommon trap: reason=class_check action=maybe_recompile pc=0x000000011a214e60 method=javafx.scene.Node.updateLocalToParentTransform()V @ 11 c2
Event: 6.917 Thread 0x00007fd00e00e400 DEOPT PACKING pc=0x000000011a214e60 sp=0x00007ffee99d6150
Event: 6.917 Thread 0x00007fd00e00e400 DEOPT UNPACKING pc=0x0000000112680125 sp=0x00007ffee99d60e0 mode 2
Event: 7.939 Thread 0x00007fd00e82a400 Uncommon trap: trap_request=0xffffff45 fr.pc=0x000000011a23b1a4 relative=0x0000000000000ac4
Event: 7.939 Thread 0x00007fd00e82a400 Uncommon trap: reason=unstable_if action=reinterpret pc=0x000000011a23b1a4 method=com.sun.prism.es2.GLContext.updateBoundTexture(I)V @ 5 c2
Event: 7.939 Thread 0x00007fd00e82a400 DEOPT PACKING pc=0x000000011a23b1a4 sp=0x0000700002163b00
Event: 7.939 Thread 0x00007fd00e82a400 DEOPT UNPACKING pc=0x0000000112680125 sp=0x0000700002163a10 mode 2
Event: 15.143 Thread 0x00007fd00ed5ca00 Uncommon trap: trap_request=0xffffff45 fr.pc=0x000000011a22c05c relative=0x00000000000002bc
Event: 15.143 Thread 0x00007fd00ed5ca00 Uncommon trap: reason=unstable_if action=reinterpret pc=0x000000011a22c05c method=java.lang.ThreadLocal.get()Ljava/lang/Object; @ 11 c2
Event: 15.143 Thread 0x00007fd00ed5ca00 DEOPT PACKING pc=0x000000011a22c05c sp=0x0000700002e115c0
Event: 15.143 Thread 0x00007fd00ed5ca00 DEOPT UNPACKING pc=0x0000000112680125 sp=0x0000700002e11580 mode 2

Classes unloaded (0 events):
No events

Classes redefined (0 events):
No events

Internal exceptions (20 events):
Event: 3.579 Thread 0x00007fd00e00e400 Exception <a 'java/lang/NoSuchMethodError'{0x0000000787317578}: 'java.lang.Object java.lang.invoke.Invokers$Holder.linkToTargetMethod(java.lang.Object, java.lang.Object, int, int, int, int, int, java.lang.Object)'> (0x0000000787317578) 
thrown [./open/src/hotspot/share/interpreter/linkResolver.cpp, line 782]
Event: 3.590 Thread 0x00007fd00e00e400 Exception <a 'java/lang/NoSuchMethodError'{0x000000078732fe48}: 'long java.lang.invoke.DirectMethodHandle$Holder.invokeStatic(java.lang.Object, java.lang.Object, java.lang.Object)'> (0x000000078732fe48) 
thrown [./open/src/hotspot/share/interpreter/linkResolver.cpp, line 782]
Event: 3.591 Thread 0x00007fd00e00e400 Exception <a 'java/lang/NoSuchMethodError'{0x00000007873337f8}: 'long java.lang.invoke.DirectMethodHandle$Holder.invokeStaticInit(java.lang.Object, java.lang.Object, java.lang.Object)'> (0x00000007873337f8) 
thrown [./open/src/hotspot/share/interpreter/linkResolver.cpp, line 782]
Event: 3.594 Thread 0x00007fd00e00e400 Exception <a 'java/lang/NoSuchMethodError'{0x000000078734b858}: 'java.lang.Object java.lang.invoke.DirectMethodHandle$Holder.newInvokeSpecial(java.lang.Object, java.lang.Object, long)'> (0x000000078734b858) 
thrown [./open/src/hotspot/share/interpreter/linkResolver.cpp, line 782]
Event: 3.594 Thread 0x00007fd00e00e400 Exception <a 'java/lang/NoSuchMethodError'{0x000000078734f320}: 'java.lang.Object java.lang.invoke.Invokers$Holder.linkToTargetMethod(java.lang.Object, long, java.lang.Object)'> (0x000000078734f320) 
thrown [./open/src/hotspot/share/interpreter/linkResolver.cpp, line 782]
Event: 3.734 Thread 0x00007fd00e00e400 Exception <a 'java/io/FileNotFoundException'{0x00000007870fc860}> (0x00000007870fc860) 
thrown [./open/src/hotspot/share/prims/jni.cpp, line 578]
Event: 3.804 Thread 0x00007fd00e00e400 Exception <a 'java/lang/ClassNotFoundException'{0x0000000786e03470}: com/sun/javafx/scene/control/skin/resources/controls> (0x0000000786e03470) 
thrown [./open/src/hotspot/share/prims/jni.cpp, line 599]
Event: 3.805 Thread 0x00007fd00e00e400 Exception <a 'java/lang/ClassNotFoundException'{0x0000000786e11508}: com/sun/javafx/scene/control/skin/resources/controls_tr> (0x0000000786e11508) 
thrown [./open/src/hotspot/share/prims/jni.cpp, line 599]
Event: 3.805 Thread 0x00007fd00e00e400 Exception <a 'java/lang/ClassNotFoundException'{0x0000000786e13148}: com/sun/javafx/scene/control/skin/resources/controls_tr_TR> (0x0000000786e13148) 
thrown [./open/src/hotspot/share/prims/jni.cpp, line 599]
Event: 3.831 Thread 0x00007fd00e00e400 Implicit null exception at 0x000000011a1b7f80 to 0x000000011a1b9a06
Event: 3.832 Thread 0x00007fd00e00e400 Implicit null exception at 0x000000011a190e8f to 0x000000011a19109c
Event: 3.834 Thread 0x00007fd00e00e400 Exception <a 'java/lang/NoSuchMethodError'{0x0000000786da09e8}: 'void java.lang.invoke.DirectMethodHandle$Holder.invokeSpecial(java.lang.Object, java.lang.Object, java.lang.Object, java.lang.Object, java.lang.Object, java.lang.Object)'> (0x0000000786da09e8) 
thrown [./open/src/hotspot/share/interpreter/linkResolver.cpp, line 782]
Event: 3.837 Thread 0x00007fd00e00e400 Implicit null exception at 0x000000011a19078f to 0x000000011a190994
Event: 3.837 Thread 0x00007fd00e00e400 Implicit null exception at 0x000000011a11de8f to 0x000000011a11df09
Event: 3.839 Thread 0x00007fd00e00e400 Exception <a 'java/io/FileNotFoundException'{0x0000000786dd1830}> (0x0000000786dd1830) 
thrown [./open/src/hotspot/share/prims/jni.cpp, line 578]
Event: 15.125 Thread 0x00007fd00ed5ca00 Exception <a 'java/lang/ClassNotFoundException'{0x0000000785d0c448}: sun/awt/resources/spi/awtProvider> (0x0000000785d0c448) 
thrown [./open/src/hotspot/share/classfile/systemDictionary.cpp, line 295]
Event: 15.134 Thread 0x00007fd00ed5ca00 Exception <a 'java/io/FileNotFoundException'{0x0000000785d0f630}> (0x0000000785d0f630) 
thrown [./open/src/hotspot/share/prims/jni.cpp, line 578]
Event: 15.134 Thread 0x00007fd00ed5ca00 Exception <a 'java/io/FileNotFoundException'{0x0000000785d10ae0}> (0x0000000785d10ae0) 
thrown [./open/src/hotspot/share/prims/jni.cpp, line 578]
Event: 15.143 Thread 0x00007fd00ed5ca00 Implicit null exception at 0x000000011a22bded to 0x000000011a22c048
Event: 15.151 Thread 0x00007fd00ed5ca00 Exception <a 'java/lang/ClassNotFoundException'{0x0000000785d24ca0}: sun/awt/resources/spi/awtosxProvider> (0x0000000785d24ca0) 
thrown [./open/src/hotspot/share/classfile/systemDictionary.cpp, line 295]

Events (20 events):
Event: 15.155 loading class sun/awt/AWTAccessor$InputEventAccessor done
Event: 15.155 loading class java/awt/event/InputEvent$1 done
Event: 15.155 loading class sun/lwawt/macosx/LWCToolkit$2
Event: 15.155 loading class sun/lwawt/macosx/LWCToolkit$2 done
Event: 15.155 loading class java/awt/Toolkit$DesktopPropertyChangeSupport
Event: 15.155 loading class java/beans/PropertyChangeSupport
Event: 15.156 loading class java/beans/PropertyChangeSupport done
Event: 15.156 loading class java/awt/Toolkit$DesktopPropertyChangeSupport done
Event: 15.156 loading class java/beans/PropertyChangeSupport$PropertyChangeListenerMap
Event: 15.156 loading class java/beans/ChangeListenerMap
Event: 15.156 loading class java/beans/ChangeListenerMap done
Event: 15.156 loading class java/beans/PropertyChangeSupport$PropertyChangeListenerMap done
Event: 15.156 loading class java/beans/PropertyChangeListener
Event: 15.156 loading class java/beans/PropertyChangeListener done
Event: 15.156 loading class sun/awt/SunToolkit$ModalityListenerList
Event: 15.156 loading class sun/awt/ModalityListener
Event: 15.156 loading class sun/awt/ModalityListener done
Event: 15.156 loading class sun/awt/SunToolkit$ModalityListenerList done
Event: 15.157 loading class sun/awt/util/ThreadGroupUtils
Event: 15.157 loading class sun/awt/util/ThreadGroupUtils done


Dynamic libraries:
0x00007fff2a442000 	/usr/lib/libz.1.dylib
0x000000010622d000 	/Library/Java/JavaVirtualMachines/jdk-15.0.1.jdk/Contents/Home/lib/libjli.dylib
0x00007fff34f1a000 	/System/Library/Frameworks/Cocoa.framework/Versions/A/Cocoa
0x00007fff221d5000 	/System/Library/Frameworks/Security.framework/Versions/A/Security
0x00007fff33169000 	/System/Library/Frameworks/ApplicationServices.framework/Versions/A/ApplicationServices
0x00007fff2a50a000 	/usr/lib/libSystem.B.dylib
0x00007fff2a504000 	/usr/lib/system/libcache.dylib
0x00007fff2a4c0000 	/usr/lib/system/libcommonCrypto.dylib
0x00007fff2a4ea000 	/usr/lib/system/libcompiler_rt.dylib
0x00007fff2a4df000 	/usr/lib/system/libcopyfile.dylib
0x00007fff200b1000 	/usr/lib/system/libcorecrypto.dylib
0x00007fff2017a000 	/usr/lib/system/libdispatch.dylib
0x00007fff2032e000 	/usr/lib/system/libdyld.dylib
0x00007fff2a4fb000 	/usr/lib/system/libkeymgr.dylib
0x00007fff2d935000 	/usr/lib/system/liblaunch.dylib
0x00007fff2a49e000 	/usr/lib/system/libmacho.dylib
0x00007fff29cb9000 	/usr/lib/system/libquarantine.dylib
0x00007fff2a4f8000 	/usr/lib/system/libremovefile.dylib
0x00007fff24b62000 	/usr/lib/system/libsystem_asl.dylib
0x00007fff20061000 	/usr/lib/system/libsystem_blocks.dylib
0x00007fff201fb000 	/usr/lib/system/libsystem_c.dylib
0x00007fff2a4f2000 	/usr/lib/system/libsystem_collections.dylib
0x00007fff28fae000 	/usr/lib/system/libsystem_configuration.dylib
0x00007fff2829f000 	/usr/lib/system/libsystem_containermanager.dylib
0x00007fff2a23a000 	/usr/lib/system/libsystem_coreservices.dylib
0x00007fff22787000 	/usr/lib/system/libsystem_darwin.dylib
0x00007fff2a4fc000 	/usr/lib/system/libsystem_dnssd.dylib
0x00007fff201f8000 	/usr/lib/system/libsystem_featureflags.dylib
0x00007fff20373000 	/usr/lib/system/libsystem_info.dylib
0x00007fff2a455000 	/usr/lib/system/libsystem_m.dylib
0x00007fff2014d000 	/usr/lib/system/libsystem_malloc.dylib
0x00007fff24af6000 	/usr/lib/system/libsystem_networkextension.dylib
0x00007fff22ba1000 	/usr/lib/system/libsystem_notify.dylib
0x00007fff2fdd3000 	/usr/lib/system/libsystem_product_info_filter.dylib
0x00007fff28fb2000 	/usr/lib/system/libsystem_sandbox.dylib
0x00007fff2a4f5000 	/usr/lib/system/libsystem_secinit.dylib
0x00007fff202f3000 	/usr/lib/system/libsystem_kernel.dylib
0x00007fff20369000 	/usr/lib/system/libsystem_platform.dylib
0x00007fff20322000 	/usr/lib/system/libsystem_pthread.dylib
0x00007fff26258000 	/usr/lib/system/libsystem_symptoms.dylib
0x00007fff20099000 	/usr/lib/system/libsystem_trace.dylib
0x00007fff2a4cc000 	/usr/lib/system/libunwind.dylib
0x00007fff20063000 	/usr/lib/system/libxpc.dylib
0x00007fff202da000 	/usr/lib/libc++abi.dylib
0x00007fff201bf000 	/usr/lib/libobjc.A.dylib
0x00007fff2a4d7000 	/usr/lib/liboah.dylib
0x00007fff20284000 	/usr/lib/libc++.1.dylib
0x00007fff2039f000 	/System/Library/Frameworks/CoreFoundation.framework/Versions/A/CoreFoundation
0x00007fff21149000 	/System/Library/Frameworks/Foundation.framework/Versions/C/Foundation
0x00007fff22bf9000 	/System/Library/Frameworks/AppKit.framework/Versions/C/AppKit
0x00007fff25a82000 	/System/Library/Frameworks/CoreData.framework/Versions/A/CoreData
0x00007fff23956000 	/System/Library/PrivateFrameworks/UIFoundation.framework/Versions/A/UIFoundation
0x00007fff2fb4c000 	/System/Library/PrivateFrameworks/RemoteViewServices.framework/Versions/A/RemoteViewServices
0x00007fff2896e000 	/System/Library/PrivateFrameworks/XCTTargetBootstrap.framework/Versions/A/XCTTargetBootstrap
0x00007fff2b649000 	/usr/lib/libspindump.dylib
0x00007fff23baa000 	/System/Library/Frameworks/UniformTypeIdentifiers.framework/Versions/A/UniformTypeIdentifiers
0x00007fff27140000 	/usr/lib/libapp_launch_measurement.dylib
0x00007fff27143000 	/System/Library/PrivateFrameworks/CoreAutoLayout.framework/Versions/A/CoreAutoLayout
0x00007fff282cf000 	/System/Library/Frameworks/Metal.framework/Versions/A/Metal
0x00007fff28fbd000 	/usr/lib/liblangid.dylib
0x00007fff28972000 	/System/Library/PrivateFrameworks/CoreSVG.framework/Versions/A/CoreSVG
0x00007fff24b91000 	/System/Library/PrivateFrameworks/SkyLight.framework/Versions/A/SkyLight
0x00007fff24ef0000 	/System/Library/Frameworks/CoreGraphics.framework/Versions/A/CoreGraphics
0x00007fff301a3000 	/System/Library/Frameworks/Accelerate.framework/Versions/A/Accelerate
0x00007fff2b084000 	/System/Library/PrivateFrameworks/IconServices.framework/Versions/A/IconServices
0x00007fff282b0000 	/System/Library/Frameworks/IOSurface.framework/Versions/A/IOSurface
0x00007fff2640a000 	/usr/lib/libDiagnosticMessagesClient.dylib
0x00007fff2895a000 	/System/Library/PrivateFrameworks/DFRFoundation.framework/Versions/A/DFRFoundation
0x00007fff22525000 	/usr/lib/libicucore.A.dylib
0x00007fff2cb86000 	/System/Library/Frameworks/AudioToolbox.framework/Versions/A/AudioToolbox
0x00007fff2be31000 	/System/Library/PrivateFrameworks/DataDetectorsCore.framework/Versions/A/DataDetectorsCore
0x00007fff2865a000 	/System/Library/Frameworks/Carbon.framework/Versions/A/Frameworks/HIToolbox.framework/Versions/A/HIToolbox
0x00007fff26ba3000 	/System/Library/Frameworks/QuartzCore.framework/Versions/A/QuartzCore
0x00007fff2fb88000 	/System/Library/Frameworks/Carbon.framework/Versions/A/Frameworks/SpeechRecognition.framework/Versions/A/SpeechRecognition
0x00007fff26ea8000 	/System/Library/PrivateFrameworks/CoreUI.framework/Versions/A/CoreUI
0x00007fff21b31000 	/System/Library/Frameworks/CoreAudio.framework/Versions/A/CoreAudio
0x00007fff264f5000 	/System/Library/Frameworks/DiskArbitration.framework/Versions/A/DiskArbitration
0x00007fff2ba42000 	/System/Library/PrivateFrameworks/MultitouchSupport.framework/Versions/A/MultitouchSupport
0x00007fff2be28000 	/System/Library/PrivateFrameworks/InternationalSupport.framework/Versions/A/InternationalSupport
0x00007fff24b05000 	/usr/lib/libenergytrace.dylib
0x00007fff22af3000 	/System/Library/Frameworks/IOKit.framework/Versions/A/IOKit
0x00007fff2fed5000 	/System/Library/Frameworks/CoreServices.framework/Versions/A/CoreServices
0x00007fff270d6000 	/System/Library/PrivateFrameworks/PerformanceAnalysis.framework/Versions/A/PerformanceAnalysis
0x00007fff6b3bd000 	/System/Library/Frameworks/OpenGL.framework/Versions/A/OpenGL
0x00007fff2bead000 	/System/Library/PrivateFrameworks/UserActivity.framework/Versions/A/UserActivity
0x00007fff25584000 	/System/Library/Frameworks/ColorSync.framework/Versions/A/ColorSync
0x00007fff28bd6000 	/System/Library/Frameworks/CoreImage.framework/Versions/A/CoreImage
0x00007fff21947000 	/System/Library/Frameworks/CoreText.framework/Versions/A/CoreText
0x00007fff2899c000 	/System/Library/Frameworks/ImageIO.framework/Versions/A/ImageIO
0x00007fff2a510000 	/System/Library/PrivateFrameworks/SoftLinking.framework/Versions/A/SoftLinking
0x00007fff2718c000 	/usr/lib/libxml2.2.dylib
0x00007fff2a782000 	/usr/lib/libcompression.dylib
0x00007fff24b06000 	/usr/lib/libMobileGestalt.dylib
0x00007fff2bd5b000 	/System/Library/PrivateFrameworks/TextureIO.framework/Versions/A/TextureIO
0x00007fff2ada8000 	/usr/lib/libate.dylib
0x00007fff2ab8d000 	/usr/lib/liblzma.5.dylib
0x00007fff20e5f000 	/System/Library/Frameworks/SystemConfiguration.framework/Versions/A/SystemConfiguration
0x00007fff2a50c000 	/usr/lib/libfakelink.dylib
0x00007fff24658000 	/System/Library/Frameworks/CFNetwork.framework/Versions/A/CFNetwork
0x00007fff2a64c000 	/usr/lib/libarchive.2.dylib
0x00007fff20edc000 	/usr/lib/libCRFSuite.dylib
0x00007fff29ce0000 	/usr/lib/libbsm.0.dylib
0x00007fff24014000 	/usr/lib/libnetwork.dylib
0x00007fff2a511000 	/usr/lib/libpcap.A.dylib
0x00007fff26251000 	/usr/lib/libdns_services.dylib
0x00007fff2aba6000 	/usr/lib/libcoretls_cfhelpers.dylib
0x00007fff2a750000 	/usr/lib/libapple_nghttp2.dylib
0x00007fff2a4a4000 	/usr/lib/system/libkxld.dylib
0x00007fff25eb7000 	/usr/lib/libsqlite3.dylib
0x00007fff2a21c000 	/System/Library/PrivateFrameworks/AppleFSCompression.framework/Versions/A/AppleFSCompression
0x00007fff29cc8000 	/usr/lib/libcoretls.dylib
0x00007fff2a77d000 	/usr/lib/libpam.2.dylib
0x00007fff2aca3000 	/usr/lib/libxar.1.dylib
0x00007fff28fb9000 	/System/Library/PrivateFrameworks/AppleSystemInfo.framework/Versions/A/AppleSystemInfo
0x00007fff2990b000 	/System/Library/PrivateFrameworks/IOMobileFramebuffer.framework/Versions/A/IOMobileFramebuffer
0x00007fff2a22c000 	/usr/lib/libbz2.1.0.dylib
0x00007fff2a549000 	/usr/lib/libiconv.2.dylib
0x00007fff2a49d000 	/usr/lib/libcharset.1.dylib
0x00007fff27112000 	/System/Library/Frameworks/CoreServices.framework/Versions/A/Frameworks/FSEvents.framework/Versions/A/FSEvents
0x00007fff22791000 	/System/Library/Frameworks/CoreServices.framework/Versions/A/Frameworks/CarbonCore.framework/Versions/A/CarbonCore
0x00007fff2645a000 	/System/Library/Frameworks/CoreServices.framework/Versions/A/Frameworks/Metadata.framework/Versions/A/Metadata
0x00007fff2a23f000 	/System/Library/Frameworks/CoreServices.framework/Versions/A/Frameworks/OSServices.framework/Versions/A/OSServices
0x00007fff2a6be000 	/System/Library/Frameworks/CoreServices.framework/Versions/A/Frameworks/SearchKit.framework/Versions/A/SearchKit
0x00007fff261db000 	/System/Library/Frameworks/CoreServices.framework/Versions/A/Frameworks/AE.framework/Versions/A/AE
0x00007fff2083b000 	/System/Library/Frameworks/CoreServices.framework/Versions/A/Frameworks/LaunchServices.framework/Versions/A/LaunchServices
0x00007fff2ab3e000 	/System/Library/Frameworks/CoreServices.framework/Versions/A/Frameworks/DictionaryServices.framework/Versions/A/DictionaryServices
0x00007fff2711b000 	/System/Library/Frameworks/CoreServices.framework/Versions/A/Frameworks/SharedFileList.framework/Versions/A/SharedFileList
0x00007fff29cbc000 	/usr/lib/libCheckFix.dylib
0x00007fff24b79000 	/System/Library/PrivateFrameworks/TCC.framework/Versions/A/TCC
0x00007fff28fbf000 	/System/Library/PrivateFrameworks/CoreNLP.framework/Versions/A/CoreNLP
0x00007fff2640d000 	/System/Library/PrivateFrameworks/MetadataUtilities.framework/Versions/A/MetadataUtilities
0x00007fff20f12000 	/usr/lib/libmecabra.dylib
0x00007fff29fcf000 	/System/Library/Frameworks/MLCompute.framework/Versions/A/MLCompute
0x00007fff29cf1000 	/usr/lib/libmecab.dylib
0x00007fff29d3b000 	/usr/lib/libgermantok.dylib
0x00007fff2a726000 	/usr/lib/libThaiTokenizer.dylib
0x00007fff2acde000 	/usr/lib/libChineseTokenizer.dylib
0x00007fff2a77b000 	/System/Library/Frameworks/MetalPerformanceShaders.framework/Versions/A/MetalPerformanceShaders
0x00007fff264fc000 	/System/Library/Frameworks/Accelerate.framework/Versions/A/Frameworks/vImage.framework/Versions/A/vImage
0x00007fff2feae000 	/System/Library/Frameworks/Accelerate.framework/Versions/A/Frameworks/vecLib.framework/Versions/A/vecLib
0x00007fff2ace9000 	/System/Library/Frameworks/Accelerate.framework/Versions/A/Frameworks/vecLib.framework/Versions/A/libvMisc.dylib
0x00007fff29724000 	/System/Library/Frameworks/Accelerate.framework/Versions/A/Frameworks/vecLib.framework/Versions/A/libvDSP.dylib
0x00007fff20b3e000 	/System/Library/Frameworks/Accelerate.framework/Versions/A/Frameworks/vecLib.framework/Versions/A/libBLAS.dylib
0x00007fff2a7a1000 	/System/Library/Frameworks/Accelerate.framework/Versions/A/Frameworks/vecLib.framework/Versions/A/libLAPACK.dylib
0x00007fff29d41000 	/System/Library/Frameworks/Accelerate.framework/Versions/A/Frameworks/vecLib.framework/Versions/A/libLinearAlgebra.dylib
0x00007fff2a768000 	/System/Library/Frameworks/Accelerate.framework/Versions/A/Frameworks/vecLib.framework/Versions/A/libSparseBLAS.dylib
0x00007fff2a79b000 	/System/Library/Frameworks/Accelerate.framework/Versions/A/Frameworks/vecLib.framework/Versions/A/libQuadrature.dylib
0x00007fff29067000 	/System/Library/Frameworks/Accelerate.framework/Versions/A/Frameworks/vecLib.framework/Versions/A/libBNNS.dylib
0x00007fff20df0000 	/System/Library/Frameworks/Accelerate.framework/Versions/A/Frameworks/vecLib.framework/Versions/A/libSparse.dylib
0x00007fff28f52000 	/System/Library/Frameworks/MetalPerformanceShaders.framework/Versions/A/Frameworks/MPSCore.framework/Versions/A/MPSCore
0x00007fff2a18b000 	/System/Library/Frameworks/MetalPerformanceShaders.framework/Versions/A/Frameworks/MPSImage.framework/Versions/A/MPSImage
0x00007fff29d57000 	/System/Library/Frameworks/MetalPerformanceShaders.framework/Versions/A/Frameworks/MPSNeuralNetwork.framework/Versions/A/MPSNeuralNetwork
0x00007fff2a116000 	/System/Library/Frameworks/MetalPerformanceShaders.framework/Versions/A/Frameworks/MPSMatrix.framework/Versions/A/MPSMatrix
0x00007fff29f7f000 	/System/Library/Frameworks/MetalPerformanceShaders.framework/Versions/A/Frameworks/MPSRayIntersector.framework/Versions/A/MPSRayIntersector
0x00007fff2a14d000 	/System/Library/Frameworks/MetalPerformanceShaders.framework/Versions/A/Frameworks/MPSNDArray.framework/Versions/A/MPSNDArray
0x00007fff20a6a000 	/System/Library/PrivateFrameworks/MetalTools.framework/Versions/A/MetalTools
0x00007fff28fb7000 	/System/Library/PrivateFrameworks/AggregateDictionary.framework/Versions/A/AggregateDictionary
0x00007fff263e5000 	/System/Library/PrivateFrameworks/CoreAnalytics.framework/Versions/A/CoreAnalytics
0x00007fff2a728000 	/System/Library/PrivateFrameworks/AppleSauce.framework/Versions/A/AppleSauce
0x00007fff282c2000 	/System/Library/PrivateFrameworks/IOAccelerator.framework/Versions/A/IOAccelerator
0x00007fff6b3b1000 	/System/Library/Frameworks/OpenGL.framework/Versions/A/Libraries/libCoreFSCache.dylib
0x00007fff214ad000 	/System/Library/PrivateFrameworks/LanguageModeling.framework/Versions/A/LanguageModeling
0x00007fff298f8000 	/System/Library/PrivateFrameworks/CoreEmoji.framework/Versions/A/CoreEmoji
0x00007fff29060000 	/System/Library/PrivateFrameworks/LinguisticData.framework/Versions/A/LinguisticData
0x00007fff20da2000 	/System/Library/PrivateFrameworks/Lexicon.framework/Versions/A/Lexicon
0x00007fff2a63a000 	/usr/lib/libcmph.dylib
0x00007fff270f2000 	/System/Library/Frameworks/OpenDirectory.framework/Versions/A/Frameworks/CFOpenDirectory.framework/Versions/A/CFOpenDirectory
0x00007fff270e2000 	/System/Library/Frameworks/OpenDirectory.framework/Versions/A/OpenDirectory
0x00007fff2aba8000 	/System/Library/PrivateFrameworks/APFS.framework/Versions/A/APFS
0x00007fff29c1d000 	/System/Library/Frameworks/SecurityFoundation.framework/Versions/A/SecurityFoundation
0x00007fff2acb1000 	/usr/lib/libutil.dylib
0x00007fff22ab8000 	/System/Library/PrivateFrameworks/CoreServicesStore.framework/Versions/A/CoreServicesStore
0x00007fff29cb4000 	/System/Library/Frameworks/ServiceManagement.framework/Versions/A/ServiceManagement
0x00007fff2acb5000 	/usr/lib/libxslt.1.dylib
0x00007fff29caa000 	/System/Library/PrivateFrameworks/BackgroundTaskManagement.framework/Versions/A/BackgroundTaskManagement
0x00007fff2bca5000 	/System/Library/Frameworks/ImageIO.framework/Versions/A/Resources/libRadiance.dylib
0x00007fff2bcaf000 	/System/Library/Frameworks/ImageIO.framework/Versions/A/Resources/libJPEG.dylib
0x00007fff2bbfc000 	/System/Library/Frameworks/ImageIO.framework/Versions/A/Resources/libPng.dylib
0x00007fff2bc23000 	/System/Library/Frameworks/ImageIO.framework/Versions/A/Resources/libTIFF.dylib
0x00007fff2bd04000 	/System/Library/Frameworks/ImageIO.framework/Versions/A/Resources/libGIF.dylib
0x00007fff2b95f000 	/System/Library/Frameworks/ImageIO.framework/Versions/A/Resources/libJP2.dylib
0x00007fff2b04b000 	/usr/lib/libexpat.1.dylib
0x00007fff2b915000 	/System/Library/PrivateFrameworks/AppleJPEG.framework/Versions/A/AppleJPEG
0x00007fff284fd000 	/System/Library/PrivateFrameworks/FontServices.framework/libFontParser.dylib
0x00007fff2618f000 	/System/Library/PrivateFrameworks/RunningBoardServices.framework/Versions/A/RunningBoardServices
0x00007fff2ba3e000 	/System/Library/PrivateFrameworks/WatchdogClient.framework/Versions/A/WatchdogClient
0x00007fff2159a000 	/System/Library/Frameworks/CoreDisplay.framework/Versions/A/CoreDisplay
0x00007fff28412000 	/System/Library/Frameworks/CoreMedia.framework/Versions/A/CoreMedia
0x00007fff2726f000 	/System/Library/Frameworks/CoreVideo.framework/Versions/A/CoreVideo
0x00007fff2ba76000 	/System/Library/Frameworks/VideoToolbox.framework/Versions/A/VideoToolbox
0x00007fff2610d000 	/System/Library/PrivateFrameworks/BaseBoard.framework/Versions/A/BaseBoard
0x00007fff2b190000 	/System/Library/PrivateFrameworks/PersistentConnection.framework/Versions/A/PersistentConnection
0x00007fff25ea0000 	/System/Library/PrivateFrameworks/ProtocolBuffer.framework/Versions/A/ProtocolBuffer
0x00007fff260f4000 	/System/Library/PrivateFrameworks/CommonUtilities.framework/Versions/A/CommonUtilities
0x00007fff2b8aa000 	/System/Library/PrivateFrameworks/Bom.framework/Versions/A/Bom
0x00007fff2bc9e000 	/System/Library/PrivateFrameworks/GPUWrangler.framework/Versions/A/GPUWrangler
0x00007fff2bc81000 	/System/Library/PrivateFrameworks/IOPresentment.framework/Versions/A/IOPresentment
0x00007fff2bca9000 	/System/Library/PrivateFrameworks/DSExternalDisplay.framework/Versions/A/DSExternalDisplay
0x00007fff2bd09000 	/System/Library/PrivateFrameworks/CMCaptureCore.framework/Versions/A/CMCaptureCore
0x00007fff2b630000 	/System/Library/PrivateFrameworks/AppServerSupport.framework/Versions/A/AppServerSupport
0x00007fff2d6d6000 	/System/Library/PrivateFrameworks/perfdata.framework/Versions/A/perfdata
0x00007fff29c0c000 	/System/Library/PrivateFrameworks/AssertionServices.framework/Versions/A/AssertionServices
0x00007fff216d1000 	/System/Library/PrivateFrameworks/AudioToolboxCore.framework/Versions/A/AudioToolboxCore
0x00007fff283f5000 	/System/Library/PrivateFrameworks/caulk.framework/Versions/A/caulk
0x00007fff3c970000 	/System/Library/PrivateFrameworks/SystemPolicy.framework/Versions/A/SystemPolicy
0x00007fff2ae41000 	/usr/lib/libIOReport.dylib
0x00007fff2cef8000 	/usr/lib/libSMC.dylib
0x00007fff2bbc9000 	/usr/lib/libAudioToolboxUtility.dylib
0x00007fff3d2d5000 	/usr/lib/libmis.dylib
0x00007fff6b40d000 	/System/Library/Frameworks/OpenGL.framework/Versions/A/Libraries/libGLU.dylib
0x00007fff6b3d0000 	/System/Library/Frameworks/OpenGL.framework/Versions/A/Libraries/libGFXShared.dylib
0x00007fff6b5df000 	/System/Library/Frameworks/OpenGL.framework/Versions/A/Libraries/libGL.dylib
0x00007fff6b3d9000 	/System/Library/Frameworks/OpenGL.framework/Versions/A/Libraries/libGLImage.dylib
0x00007fff6b3cd000 	/System/Library/Frameworks/OpenGL.framework/Versions/A/Libraries/libCVMSPluginSupport.dylib
0x00007fff6b3b8000 	/System/Library/Frameworks/OpenGL.framework/Versions/A/Libraries/libCoreVMClient.dylib
0x00007fff6ca20000 	/System/Library/Frameworks/OpenCL.framework/Versions/A/OpenCL
0x00007fff2b1ba000 	/System/Library/PrivateFrameworks/GraphVisualizer.framework/Versions/A/GraphVisualizer
0x00007fff2b1c9000 	/System/Library/PrivateFrameworks/FaceCore.framework/Versions/A/FaceCore
0x00007fff2b5e5000 	/System/Library/PrivateFrameworks/OTSVG.framework/Versions/A/OTSVG
0x00007fff26e66000 	/System/Library/Frameworks/ApplicationServices.framework/Versions/A/Frameworks/ATS.framework/Versions/A/Resources/libFontRegistry.dylib
0x00007fff2b637000 	/System/Library/PrivateFrameworks/FontServices.framework/libhvf.dylib
0x00007fff2aff7000 	/System/Library/PrivateFrameworks/AppleVA.framework/Versions/A/AppleVA
0x00007fff2cd41000 	/System/Library/Frameworks/ApplicationServices.framework/Versions/A/Frameworks/ATS.framework/Versions/A/ATS
0x00007fff2d053000 	/System/Library/Frameworks/ApplicationServices.framework/Versions/A/Frameworks/ColorSyncLegacy.framework/Versions/A/ColorSyncLegacy
0x00007fff2567b000 	/System/Library/Frameworks/ApplicationServices.framework/Versions/A/Frameworks/HIServices.framework/Versions/A/HIServices
0x00007fff2d038000 	/System/Library/Frameworks/ApplicationServices.framework/Versions/A/Frameworks/LangAnalysis.framework/Versions/A/LangAnalysis
0x00007fff2bd13000 	/System/Library/Frameworks/ApplicationServices.framework/Versions/A/Frameworks/PrintCore.framework/Versions/A/PrintCore
0x00007fff2d05b000 	/System/Library/Frameworks/ApplicationServices.framework/Versions/A/Frameworks/QD.framework/Versions/A/QD
0x00007fff2cd31000 	/System/Library/Frameworks/ApplicationServices.framework/Versions/A/Frameworks/SpeechSynthesis.framework/Versions/A/SpeechSynthesis
0x00007fff2bcd4000 	/System/Library/Frameworks/ApplicationServices.framework/Versions/A/Frameworks/ATSUI.framework/Versions/A/ATSUI
0x00007fff2cfd8000 	/usr/lib/libcups.2.dylib
0x00007fff2d048000 	/System/Library/PrivateFrameworks/NetAuth.framework/Versions/A/NetAuth
0x00007fff2d6f2000 	/System/Library/Frameworks/Kerberos.framework/Versions/A/Kerberos
0x00007fff2d702000 	/System/Library/Frameworks/GSS.framework/Versions/A/GSS
0x00007fff2cdad000 	/usr/lib/libresolv.9.dylib
0x00007fff2b64c000 	/System/Library/PrivateFrameworks/Heimdal.framework/Versions/A/Heimdal
0x00007fff33469000 	/System/Library/Frameworks/Kerberos.framework/Versions/A/Libraries/libHeimdalProxy.dylib
0x00007fff26260000 	/System/Library/Frameworks/Network.framework/Versions/A/Network
0x00007fff2b065000 	/usr/lib/libheimdal-asn1.dylib
0x00007fff2d752000 	/System/Library/PrivateFrameworks/CommonAuth.framework/Versions/A/CommonAuth
0x00007fff272bc000 	/System/Library/PrivateFrameworks/login.framework/Versions/A/Frameworks/loginsupport.framework/Versions/A/loginsupport
0x00007fff2ccb6000 	/System/Library/PrivateFrameworks/AudioSession.framework/Versions/A/AudioSession
0x00007fff2cd1e000 	/usr/lib/libAudioStatistics.dylib
0x00007fff2b0f2000 	/System/Library/PrivateFrameworks/MediaExperience.framework/Versions/A/MediaExperience
0x00007fff2cb54000 	/System/Library/PrivateFrameworks/AudioSession.framework/libSessionUtility.dylib
0x00007fff2d6e3000 	/usr/lib/libperfcheck.dylib
0x00007fff2d067000 	/System/Library/PrivateFrameworks/AudioResourceArbitration.framework/Versions/A/AudioResourceArbitration
0x00007fff2b06f000 	/System/Library/PrivateFrameworks/IconFoundation.framework/Versions/A/IconFoundation
0x00007fff2fb78000 	/System/Library/PrivateFrameworks/SpeechRecognitionCore.framework/Versions/A/SpeechRecognitionCore
0x00007fff57bdc000 	/System/Library/CoreServices/Encodings/libLatin5Converter.dylib
0x0000000108800000 	/Library/Java/JavaVirtualMachines/jdk-15.0.1.jdk/Contents/Home/lib/server/libjvm.dylib
0x0000000106257000 	/Library/Java/JavaVirtualMachines/jdk-15.0.1.jdk/Contents/Home/lib/libjimage.dylib
0x0000000106265000 	/Library/Java/JavaVirtualMachines/jdk-15.0.1.jdk/Contents/Home/lib/libinstrument.dylib
0x0000000106275000 	/Library/Java/JavaVirtualMachines/jdk-15.0.1.jdk/Contents/Home/lib/libjava.dylib
0x0000000106520000 	/Library/Java/JavaVirtualMachines/jdk-15.0.1.jdk/Contents/Home/lib/libnio.dylib
0x0000000106534000 	/Library/Java/JavaVirtualMachines/jdk-15.0.1.jdk/Contents/Home/lib/libnet.dylib
0x000000010654d000 	/Library/Java/JavaVirtualMachines/jdk-15.0.1.jdk/Contents/Home/lib/libzip.dylib
0x000000010655b000 	/Library/Java/JavaVirtualMachines/jdk-15.0.1.jdk/Contents/Home/lib/libextnet.dylib
0x0000000106562000 	/Users/ibrahimkafkasli/Documents/Java/javafx-sdk-15.0.1/lib/libprism_es2.dylib
0x00007fff22a79000 	/System/Library/PrivateFrameworks/CoreServicesInternal.framework/Versions/A/CoreServicesInternal
0x00007fff6b5ea000 	/System/Library/Frameworks/OpenGL.framework/Versions/A/Resources/GLEngine.bundle/GLEngine
0x00007fff6b44a000 	/System/Library/Frameworks/OpenGL.framework/Versions/A/Libraries/libGLProgrammability.dylib
0x00007fff5e66e000 	/System/Library/Extensions/AppleIntelKBLGraphicsGLDriver.bundle/Contents/MacOS/AppleIntelKBLGraphicsGLDriver
0x00007fff46113000 	/System/Library/PrivateFrameworks/GPUSupport.framework/Versions/A/Libraries/libGPUSupportMercury.dylib
0x00007fff6b766000 	/System/Library/Frameworks/OpenGL.framework/Versions/A/Resources/GLRendererFloat.bundle/GLRendererFloat
0x0000000129d15000 	/Users/ibrahimkafkasli/Documents/Java/javafx-sdk-15.0.1/lib/libglass.dylib
0x00007fff3107e000 	/System/Library/Frameworks/FileProvider.framework/Versions/A/FileProvider
0x00007fff26077000 	/System/Library/Frameworks/Accounts.framework/Versions/A/Accounts
0x00007fff3119f000 	/System/Library/PrivateFrameworks/GenerationalStorage.framework/Versions/A/GenerationalStorage
0x00007fff31b58000 	/System/Library/PrivateFrameworks/CoreSymbolication.framework/Versions/A/CoreSymbolication
0x00007fff30a9d000 	/System/Library/PrivateFrameworks/SymptomDiagnosticReporter.framework/Versions/A/SymptomDiagnosticReporter
0x00007fff2e38f000 	/System/Library/PrivateFrameworks/AppContainer.framework/Versions/A/AppContainer
0x00007fff23bbd000 	/System/Library/PrivateFrameworks/DesktopServicesPriv.framework/Versions/A/DesktopServicesPriv
0x00007fff22bad000 	/usr/lib/libsandbox.1.dylib
0x00007fff272e8000 	/System/Library/PrivateFrameworks/UserManagement.framework/Versions/A/UserManagement
0x00007fff29be9000 	/System/Library/PrivateFrameworks/MobileKeyBag.framework/Versions/A/MobileKeyBag
0x00007fff344d4000 	/System/Library/PrivateFrameworks/ChunkingLibrary.framework/Versions/A/ChunkingLibrary
0x00007fff31b1b000 	/System/Library/PrivateFrameworks/DebugSymbols.framework/Versions/A/DebugSymbols
0x00007fff2e3a4000 	/System/Library/PrivateFrameworks/SecCodeWrapper.framework/Versions/A/SecCodeWrapper
0x00007fff2ae49000 	/System/Library/PrivateFrameworks/CrashReporterSupport.framework/Versions/A/CrashReporterSupport
0x00007fff47770000 	/System/Library/PrivateFrameworks/OSAnalytics.framework/Versions/A/OSAnalytics
0x00007fff7838a000 	/usr/lib/libRosetta.dylib
0x00007fff32eb9000 	/System/Library/PrivateFrameworks/RemoteServiceDiscovery.framework/Versions/A/RemoteServiceDiscovery
0x00007fff51240000 	/System/Library/PrivateFrameworks/Symbolication.framework/Versions/A/Symbolication
0x00007fff32ec9000 	/System/Library/PrivateFrameworks/RemoteXPC.framework/Versions/A/RemoteXPC
0x00007fff391be000 	/System/Library/PrivateFrameworks/OSAServicesClient.framework/Versions/A/OSAServicesClient
0x00007fff3d2b4000 	/System/Library/PrivateFrameworks/MallocStackLogging.framework/Versions/A/MallocStackLogging
0x00007fff2e127000 	/System/Library/PrivateFrameworks/Sharing.framework/Versions/A/Sharing
0x00007fff32a96000 	/System/Library/PrivateFrameworks/Apple80211.framework/Versions/A/Apple80211
0x00007fff2a26d000 	/System/Library/PrivateFrameworks/AuthKit.framework/Versions/A/AuthKit
0x00007fff299e9000 	/System/Library/PrivateFrameworks/CoreUtils.framework/Versions/A/CoreUtils
0x00007fff29916000 	/System/Library/Frameworks/CoreWLAN.framework/Versions/A/CoreWLAN
0x00007fff2e26e000 	/System/Library/Frameworks/IOBluetooth.framework/Versions/A/IOBluetooth
0x00007fff32afa000 	/System/Library/PrivateFrameworks/CoreWiFi.framework/Versions/A/CoreWiFi
0x00007fff2d7d8000 	/System/Library/PrivateFrameworks/CorePhoneNumbers.framework/Versions/A/CorePhoneNumbers
0x00007fff30ba5000 	/System/Library/PrivateFrameworks/DiskManagement.framework/Versions/A/DiskManagement
0x00007fff30abb000 	/System/Library/PrivateFrameworks/AppleIDAuthSupport.framework/Versions/A/AppleIDAuthSupport
0x00007fff2d7b5000 	/System/Library/PrivateFrameworks/KeychainCircle.framework/Versions/A/KeychainCircle
0x00007fff30b71000 	/System/Library/PrivateFrameworks/MediaKit.framework/Versions/A/MediaKit
0x00007fff30ac8000 	/System/Library/Frameworks/DiscRecording.framework/Versions/A/DiscRecording
0x00007fff2af6b000 	/usr/lib/libCoreStorage.dylib
0x00007fff32f34000 	/usr/lib/libcsfde.dylib
0x00007fff2e3a8000 	/System/Library/PrivateFrameworks/ProtectedCloudStorage.framework/Versions/A/ProtectedCloudStorage
0x00007fff32f2c000 	/System/Library/PrivateFrameworks/EFILogin.framework/Versions/A/EFILogin
0x00007fff3351c000 	/System/Library/Frameworks/AudioUnit.framework/Versions/A/AudioUnit
0x00007fff30a07000 	/System/Library/Frameworks/CoreBluetooth.framework/Versions/A/CoreBluetooth
0x00007fff2af63000 	/usr/lib/libMatch.1.dylib
0x000000012b183000 	/usr/lib/libobjc-trampolines.dylib
0x00007fff40e89000 	/System/Library/Frameworks/Accelerate.framework/Versions/A/Frameworks/vImage.framework/Versions/A/Libraries/libCGInterfaces.dylib
0x00007fff26fea000 	/System/Library/PrivateFrameworks/ViewBridge.framework/Versions/A/ViewBridge
0x000000012d659000 	/Users/ibrahimkafkasli/Documents/Java/javafx-sdk-15.0.1/lib/libjavafx_font.dylib
0x00007fff2b70d000 	/System/Library/PrivateFrameworks/login.framework/Versions/A/login
0x000000012f1e0000 	/Users/ibrahimkafkasli/Documents/Java/javafx-sdk-15.0.1/lib/libjavafx_iio.dylib
0x00007fff30221000 	/System/Library/PrivateFrameworks/SystemAdministration.framework/Versions/A/SystemAdministration
0x00007fff2bf0c000 	/System/Library/Frameworks/MediaToolbox.framework/Versions/A/MediaToolbox
0x00007fff2fb40000 	/System/Library/Frameworks/DirectoryService.framework/Versions/A/DirectoryService
0x00007fff32dd2000 	/System/Library/PrivateFrameworks/DiskImages.framework/Versions/A/DiskImages
0x00007fff32fa6000 	/System/Library/PrivateFrameworks/LoginUIKit.framework/Versions/A/Frameworks/LoginUICore.framework/Versions/A/LoginUICore
0x00007fff2b8a6000 	/usr/lib/libodfde.dylib
0x00007fff31050000 	/System/Library/PrivateFrameworks/CoreAVCHD.framework/Versions/A/CoreAVCHD
0x00007fff301e4000 	/System/Library/Frameworks/MediaAccessibility.framework/Versions/A/MediaAccessibility
0x00007fff3104c000 	/System/Library/PrivateFrameworks/Mangrove.framework/Versions/A/Mangrove
0x00007fff301f0000 	/System/Library/PrivateFrameworks/AlgosScoreFramework.framework/Versions/A/AlgosScoreFramework
0x00007fff31a0b000 	/System/Library/PrivateFrameworks/AppleVPA.framework/Versions/A/AppleVPA
0x00007fff30c91000 	/System/Library/PrivateFrameworks/CoreAUC.framework/Versions/A/CoreAUC
0x00007fff32f40000 	/usr/lib/libcurl.4.dylib
0x00007fff32ca0000 	/usr/lib/libcrypto.44.dylib
0x00007fff32da4000 	/usr/lib/libssl.46.dylib
0x00007fff32c66000 	/System/Library/Frameworks/LDAP.framework/Versions/A/LDAP
0x00007fff32c9e000 	/System/Library/PrivateFrameworks/TrustEvaluationAgent.framework/Versions/A/TrustEvaluationAgent
0x00007fff2cdc6000 	/usr/lib/libsasl2.2.dylib
0x00007fff30215000 	/System/Library/PrivateFrameworks/CoreDaemon.framework/Versions/B/CoreDaemon
0x00007fff30210000 	/System/Library/PrivateFrameworks/AppleSRP.framework/Versions/A/AppleSRP
0x000000012f40c000 	/Library/Java/JavaVirtualMachines/jdk-15.0.1.jdk/Contents/Home/lib/libawt.dylib
0x000000012f4c3000 	/Library/Java/JavaVirtualMachines/jdk-15.0.1.jdk/Contents/Home/lib/libmlib_image.dylib
0x00007fff6e444000 	/System/Library/Frameworks/JavaNativeFoundation.framework/Versions/A/JavaNativeFoundation
0x00007fff6e450000 	/System/Library/Frameworks/JavaRuntimeSupport.framework/Versions/A/JavaRuntimeSupport
0x00007fff3c6f2000 	/System/Library/Frameworks/Carbon.framework/Versions/A/Carbon
0x00007fff36358000 	/System/Library/Frameworks/Carbon.framework/Versions/A/Frameworks/CommonPanels.framework/Versions/A/CommonPanels
0x00007fff32f28000 	/System/Library/Frameworks/Carbon.framework/Versions/A/Frameworks/Help.framework/Versions/A/Help
0x00007fff3635c000 	/System/Library/Frameworks/Carbon.framework/Versions/A/Frameworks/ImageCapture.framework/Versions/A/ImageCapture
0x00007fff36334000 	/System/Library/Frameworks/Carbon.framework/Versions/A/Frameworks/OpenScripting.framework/Versions/A/OpenScripting
0x00007fff36354000 	/System/Library/Frameworks/Carbon.framework/Versions/A/Frameworks/Ink.framework/Versions/A/Ink
0x00007fff3c6ee000 	/System/Library/Frameworks/Carbon.framework/Versions/A/Frameworks/Print.framework/Versions/A/Print
0x00007fff36350000 	/System/Library/Frameworks/Carbon.framework/Versions/A/Frameworks/SecurityHI.framework/Versions/A/SecurityHI
0x000000012f55f000 	/Library/Java/JavaVirtualMachines/jdk-15.0.1.jdk/Contents/Home/lib/libawt_lwawt.dylib
0x000000012f619000 	/Library/Java/JavaVirtualMachines/jdk-15.0.1.jdk/Contents/Home/lib/libosxapp.dylib
0x00007fff3bd7a000 	/System/Library/Frameworks/ExceptionHandling.framework/Versions/A/ExceptionHandling
0x000000012f639000 	/Library/Java/JavaVirtualMachines/jdk-15.0.1.jdk/Contents/Home/lib/libfontmanager.dylib
0x000000012fa21000 	/Library/Java/JavaVirtualMachines/jdk-15.0.1.jdk/Contents/Home/lib/libfreetype.dylib


VM Arguments:
jvm_args: --module-path=/Users/ibrahimkafkasli/Documents/Java/javafx-sdk-15.0.1/lib --add-modules=javafx.controls,javafx.fxml --add-modules=javafx.base,javafx.graphics --add-reads=javafx.base=ALL-UNNAMED --add-reads=javafx.graphics=ALL-UNNAMED -javaagent:/Applications/IntelliJ IDEA CE.app/Contents/lib/idea_rt.jar=58683:/Applications/IntelliJ IDEA CE.app/Contents/bin -Dfile.encoding=UTF-8 
java_command: anamenu.AnaMenu
java_class_path (initial): /Users/ibrahimkafkasli/Documents/Java/AnaMenu/out/production/AnaMenu:/Users/ibrahimkafkasli/Documents/Java/javafx-sdk-15.0.1/lib/javafx-swt.jar:/Users/ibrahimkafkasli/Documents/Java/javafx-sdk-15.0.1/lib/javafx.base.jar:/Users/ibrahimkafkasli/Documents/Java/javafx-sdk-15.0.1/lib/javafx.controls.jar:/Users/ibrahimkafkasli/Documents/Java/javafx-sdk-15.0.1/lib/javafx.fxml.jar:/Users/ibrahimkafkasli/Documents/Java/javafx-sdk-15.0.1/lib/javafx.graphics.jar:/Users/ibrahimkafkasli/Documents/Java/javafx-sdk-15.0.1/lib/javafx.media.jar:/Users/ibrahimkafkasli/Documents/Java/javafx-sdk-15.0.1/lib/javafx.swing.jar:/Users/ibrahimkafkasli/Documents/Java/javafx-sdk-15.0.1/lib/javafx.web.jar
Launcher Type: SUN_STANDARD

[Global flags]
     intx CICompilerCount                          = 3                                         {product} {ergonomic}
     uint ConcGCThreads                            = 1                                         {product} {ergonomic}
     uint G1ConcRefinementThreads                  = 4                                         {product} {ergonomic}
   size_t G1HeapRegionSize                         = 1048576                                   {product} {ergonomic}
    uintx GCDrainStackTargetSize                   = 64                                        {product} {ergonomic}
   size_t InitialHeapSize                          = 134217728                                 {product} {ergonomic}
   size_t MarkStackSize                            = 4194304                                   {product} {ergonomic}
   size_t MaxHeapSize                              = 2147483648                                {product} {ergonomic}
   size_t MaxNewSize                               = 1287651328                                {product} {ergonomic}
   size_t MinHeapDeltaBytes                        = 1048576                                   {product} {ergonomic}
   size_t MinHeapSize                              = 8388608                                   {product} {ergonomic}
    uintx NonNMethodCodeHeapSize                   = 5832780                                {pd product} {ergonomic}
    uintx NonProfiledCodeHeapSize                  = 122912730                              {pd product} {ergonomic}
    uintx ProfiledCodeHeapSize                     = 122912730                              {pd product} {ergonomic}
    uintx ReservedCodeCacheSize                    = 251658240                              {pd product} {ergonomic}
     bool SegmentedCodeCache                       = true                                      {product} {ergonomic}
   size_t SoftMaxHeapSize                          = 2147483648                             {manageable} {ergonomic}
     bool UseCompressedClassPointers               = true                                 {lp64_product} {ergonomic}
     bool UseCompressedOops                        = true                                 {lp64_product} {ergonomic}
     bool UseG1GC                                  = true                                      {product} {ergonomic}
     bool UseNUMA                                  = false                                     {product} {ergonomic}
     bool UseNUMAInterleaving                      = false                                     {product} {ergonomic}

Logging:
Log output configuration:
 #0: stdout all=warning uptime,level,tags
 #1: stderr all=off uptime,level,tags

Environment Variables:
PATH=/usr/local/bin:/usr/bin:/bin:/usr/sbin:/sbin:/Library/Apple/usr/bin
SHELL=/bin/zsh
LC_CTYPE=tr_TR.UTF-8

Signal Handlers:
SIGSEGV: [libjvm.dylib+0x9fe2e0], sa_mask[0]=11111111011111110111111111111111, sa_flags=SA_ONSTACK|SA_RESTART|SA_SIGINFO
SIGBUS: [libjvm.dylib+0x9fe2e0], sa_mask[0]=11111111011111110111111111111111, sa_flags=SA_RESTART|SA_SIGINFO
SIGFPE: [libjvm.dylib+0x9fe2e0], sa_mask[0]=11111111011111110111111111111111, sa_flags=SA_RESTART|SA_SIGINFO
SIGPIPE: [libjvm.dylib+0x82a110], sa_mask[0]=11111111011111110111111111111111, sa_flags=SA_RESTART|SA_SIGINFO
SIGXFSZ: [libjvm.dylib+0x82a110], sa_mask[0]=11111111011111110111111111111111, sa_flags=SA_RESTART|SA_SIGINFO
SIGILL: [libjvm.dylib+0x9fe2e0], sa_mask[0]=11111111011111110111111111111111, sa_flags=SA_RESTART|SA_SIGINFO
SIGUSR2: [libjvm.dylib+0x82ac20], sa_mask[0]=00100000000000000000000000000000, sa_flags=SA_RESTART|SA_SIGINFO
SIGHUP: [libjvm.dylib+0x829320], sa_mask[0]=11111111011111110111111111111111, sa_flags=SA_RESTART|SA_SIGINFO
SIGINT: [libjvm.dylib+0x829320], sa_mask[0]=11111111011111110111111111111111, sa_flags=SA_RESTART|SA_SIGINFO
SIGTERM: [libjvm.dylib+0x829320], sa_mask[0]=11111111011111110111111111111111, sa_flags=SA_RESTART|SA_SIGINFO
SIGQUIT: [libjvm.dylib+0x829320], sa_mask[0]=11111111011111110111111111111111, sa_flags=SA_RESTART|SA_SIGINFO


---------------  S Y S T E M  ---------------

OS:uname: Darwin 20.1.0 Darwin Kernel Version 20.1.0: Sat Oct 31 00:07:11 PDT 2020; root:xnu-7195.50.7~2/RELEASE_X86_64 x86_64
OS uptime: 3 days 23:39 hours
rlimit (soft/hard): STACK 8192k/65532k , CORE 0k/infinity , NPROC 1392/2088 , NOFILE 10240/infinity , AS infinity/infinity , CPU infinity/infinity , DATA infinity/infinity , FSIZE infinity/infinity , MEMLOCK infinity/infinity , RSS infinity/infinity
load average: 4.35 5.36 4.50

CPU: total 4 (initial active 4) (2 cores per cpu, 2 threads per core) family 6 model 142 stepping 9 microcode 0xd6, cmov, cx8, fxsr, mmx, sse, sse2, sse3, ssse3, sse4.1, sse4.2, popcnt, vzeroupper, avx, avx2, aes, clmul, erms, 3dnowpref, lzcnt, ht, tsc, tscinvbit, bmi1, bmi2, adx, fma, clflush, clflushopt

Memory: 4k page, physical 8388608k(479284k free), swap 1048576k(931328k free)

vm_info: Java HotSpot(TM) 64-Bit Server VM (15.0.1+9-18) for bsd-amd64 JRE (15.0.1+9-18), built on Sep 15 2020 13:50:45 by "mach5one" with clang 4.2.1 Compatible Apple LLVM 10.0.0 (clang-1000.11.45.5)

END.
